--------------------------------------------------------------------------------------------------------------------
batch_size: 4
dir_lf: D:\Data\MR2CTsynthesis
dir_project: C:\Users\reasat\Projects\MR2CTsynthesis
folder_data: MRCT_data_2D_256_256_tif
gdlNorm: 2
lambda_AD: 1.0
lambda_gdl: 1.0
lambda_rec: 1e-06
lr_netD: 0.1
lr_netG: 0.1
max_epochs: 50
numOfChannel_allSource: 1
pretrained: None
rt_th: 0.005
save_epoch: 10
--------------------------------------------------------------------------------------------------------------------
train directory has 2496 samples
validation directory has 312 samples
test directory has 312 samples
training ...
epoch: 1/50, batch: 1/624, lossD_real_avg: 0.6930, lossD_fake_avg: 0.6916, lossG_avg: 35515.6289, lossG_G_avg: 0.7136, lossG_D_avg: 0.6405, lossG_gdl_avg: 35514.2734, eta_epoch: 0.36 hours,
epoch: 1/50, batch: 2/624, lossD_real_avg: 0.6647, lossD_fake_avg: 0.7432, lossG_avg: 35677.7812, lossG_G_avg: 0.7051, lossG_D_avg: 1.0785, lossG_gdl_avg: 35675.9961, eta_epoch: 0.20 hours,
epoch: 1/50, batch: 3/624, lossD_real_avg: 0.9612, lossD_fake_avg: 0.5986, lossG_avg: 35751.1042, lossG_G_avg: 0.7156, lossG_D_avg: 0.8727, lossG_gdl_avg: 35749.5143, eta_epoch: 0.15 hours,
epoch: 1/50, batch: 4/624, lossD_real_avg: 0.8342, lossD_fake_avg: 0.7117, lossG_avg: 36432.5898, lossG_G_avg: 0.6976, lossG_D_avg: 0.7627, lossG_gdl_avg: 36431.1279, eta_epoch: 0.12 hours,
epoch: 1/50, batch: 5/624, lossD_real_avg: 0.7482, lossD_fake_avg: 0.8318, lossG_avg: 35638.1461, lossG_G_avg: 0.6980, lossG_D_avg: 0.7404, lossG_gdl_avg: 35636.7063, eta_epoch: 0.11 hours,
epoch: 1/50, batch: 6/624, lossD_real_avg: 0.7297, lossD_fake_avg: 0.8267, lossG_avg: 34487.2305, lossG_G_avg: 0.6988, lossG_D_avg: 0.7914, lossG_gdl_avg: 34485.7389, eta_epoch: 0.10 hours,
epoch: 1/50, batch: 7/624, lossD_real_avg: 0.7668, lossD_fake_avg: 0.7905, lossG_avg: 34164.8209, lossG_G_avg: 0.7017, lossG_D_avg: 0.8350, lossG_gdl_avg: 34163.2829, eta_epoch: 0.09 hours,
epoch: 1/50, batch: 8/624, lossD_real_avg: 0.8009, lossD_fake_avg: 0.7433, lossG_avg: 33814.0051, lossG_G_avg: 0.7004, lossG_D_avg: 0.8487, lossG_gdl_avg: 33812.4551, eta_epoch: 0.08 hours,
epoch: 1/50, batch: 9/624, lossD_real_avg: 0.8127, lossD_fake_avg: 0.7228, lossG_avg: 33592.7990, lossG_G_avg: 0.6904, lossG_D_avg: 0.8274, lossG_gdl_avg: 33591.2804, eta_epoch: 0.08 hours,
epoch: 1/50, batch: 10/624, lossD_real_avg: 0.7980, lossD_fake_avg: 0.7238, lossG_avg: 33359.4926, lossG_G_avg: 0.6864, lossG_D_avg: 0.7983, lossG_gdl_avg: 33358.0070, eta_epoch: 0.08 hours,
epoch: 1/50, batch: 11/624, lossD_real_avg: 0.7733, lossD_fake_avg: 0.7458, lossG_avg: 32848.6747, lossG_G_avg: 0.6860, lossG_D_avg: 0.7718, lossG_gdl_avg: 32847.2161, eta_epoch: 0.07 hours,
epoch: 1/50, batch: 12/624, lossD_real_avg: 0.7507, lossD_fake_avg: 0.7691, lossG_avg: 32537.6813, lossG_G_avg: 0.6794, lossG_D_avg: 0.7520, lossG_gdl_avg: 32536.2492, eta_epoch: 0.07 hours,
epoch: 1/50, batch: 13/624, lossD_real_avg: 0.7288, lossD_fake_avg: 0.7872, lossG_avg: 31795.5801, lossG_G_avg: 0.6738, lossG_D_avg: 0.7427, lossG_gdl_avg: 31794.1630, eta_epoch: 0.07 hours,
epoch: 1/50, batch: 14/624, lossD_real_avg: 0.7201, lossD_fake_avg: 0.7863, lossG_avg: 31319.3590, lossG_G_avg: 0.6692, lossG_D_avg: 0.7469, lossG_gdl_avg: 31317.9424, eta_epoch: 0.07 hours,
epoch: 1/50, batch: 15/624, lossD_real_avg: 0.7245, lossD_fake_avg: 0.7753, lossG_avg: 30753.5951, lossG_G_avg: 0.6641, lossG_D_avg: 0.7592, lossG_gdl_avg: 30752.1712, eta_epoch: 0.07 hours,
epoch: 1/50, batch: 16/624, lossD_real_avg: 0.7317, lossD_fake_avg: 0.7626, lossG_avg: 30459.5591, lossG_G_avg: 0.6571, lossG_D_avg: 0.7719, lossG_gdl_avg: 30458.1295, eta_epoch: 0.06 hours,
epoch: 1/50, batch: 17/624, lossD_real_avg: 0.7402, lossD_fake_avg: 0.7503, lossG_avg: 29978.7383, lossG_G_avg: 0.6507, lossG_D_avg: 0.7781, lossG_gdl_avg: 29977.3089, eta_epoch: 0.06 hours,
epoch: 1/50, batch: 18/624, lossD_real_avg: 0.7513, lossD_fake_avg: 0.7364, lossG_avg: 29417.8829, lossG_G_avg: 0.6427, lossG_D_avg: 0.7830, lossG_gdl_avg: 29416.4567, eta_epoch: 0.06 hours,
epoch: 1/50, batch: 19/624, lossD_real_avg: 0.7525, lossD_fake_avg: 0.7295, lossG_avg: 28972.7682, lossG_G_avg: 0.6373, lossG_D_avg: 0.7805, lossG_gdl_avg: 28971.3500, eta_epoch: 0.06 hours,
epoch: 1/50, batch: 20/624, lossD_real_avg: 0.7514, lossD_fake_avg: 0.7268, lossG_avg: 28559.3296, lossG_G_avg: 0.6307, lossG_D_avg: 0.7736, lossG_gdl_avg: 28557.9249, eta_epoch: 0.06 hours,
epoch: 1/50, batch: 21/624, lossD_real_avg: 0.7463, lossD_fake_avg: 0.7300, lossG_avg: 28188.8070, lossG_G_avg: 0.6215, lossG_D_avg: 0.7635, lossG_gdl_avg: 28187.4216, eta_epoch: 0.06 hours,
epoch: 1/50, batch: 22/624, lossD_real_avg: 0.7357, lossD_fake_avg: 0.7358, lossG_avg: 28000.4767, lossG_G_avg: 0.6146, lossG_D_avg: 0.7550, lossG_gdl_avg: 27999.1066, eta_epoch: 0.06 hours,
epoch: 1/50, batch: 23/624, lossD_real_avg: 0.7273, lossD_fake_avg: 0.7415, lossG_avg: 27677.9569, lossG_G_avg: 0.6094, lossG_D_avg: 0.7479, lossG_gdl_avg: 27676.5993, eta_epoch: 0.06 hours,
epoch: 1/50, batch: 24/624, lossD_real_avg: 0.7209, lossD_fake_avg: 0.7463, lossG_avg: 27308.5282, lossG_G_avg: 0.6048, lossG_D_avg: 0.7428, lossG_gdl_avg: 27307.1803, eta_epoch: 0.06 hours,
epoch: 1/50, batch: 25/624, lossD_real_avg: 0.7152, lossD_fake_avg: 0.7482, lossG_avg: 26925.3590, lossG_G_avg: 0.5999, lossG_D_avg: 0.7406, lossG_gdl_avg: 26924.0182, eta_epoch: 0.06 hours,
epoch: 1/50, batch: 26/624, lossD_real_avg: 0.7139, lossD_fake_avg: 0.7462, lossG_avg: 26620.0228, lossG_G_avg: 0.5935, lossG_D_avg: 0.7427, lossG_gdl_avg: 26618.6863, eta_epoch: 0.06 hours,
epoch: 1/50, batch: 27/624, lossD_real_avg: 0.7144, lossD_fake_avg: 0.7432, lossG_avg: 26237.8651, lossG_G_avg: 0.5864, lossG_D_avg: 0.7446, lossG_gdl_avg: 26236.5337, eta_epoch: 0.06 hours,
epoch: 1/50, batch: 28/624, lossD_real_avg: 0.7167, lossD_fake_avg: 0.7384, lossG_avg: 25839.3694, lossG_G_avg: 0.5780, lossG_D_avg: 0.7481, lossG_gdl_avg: 25838.0430, eta_epoch: 0.06 hours,
epoch: 1/50, batch: 29/624, lossD_real_avg: 0.7191, lossD_fake_avg: 0.7329, lossG_avg: 25568.3425, lossG_G_avg: 0.5701, lossG_D_avg: 0.7514, lossG_gdl_avg: 25567.0207, eta_epoch: 0.06 hours,
epoch: 1/50, batch: 30/624, lossD_real_avg: 0.7221, lossD_fake_avg: 0.7268, lossG_avg: 25219.4647, lossG_G_avg: 0.5645, lossG_D_avg: 0.7547, lossG_gdl_avg: 25218.1452, eta_epoch: 0.06 hours,
epoch: 1/50, batch: 31/624, lossD_real_avg: 0.7263, lossD_fake_avg: 0.7224, lossG_avg: 25030.0447, lossG_G_avg: 0.5566, lossG_D_avg: 0.7563, lossG_gdl_avg: 25028.7315, eta_epoch: 0.05 hours,
epoch: 1/50, batch: 32/624, lossD_real_avg: 0.7244, lossD_fake_avg: 0.7195, lossG_avg: 24810.3155, lossG_G_avg: 0.5483, lossG_D_avg: 0.7557, lossG_gdl_avg: 24809.0111, eta_epoch: 0.05 hours,
epoch: 1/50, batch: 33/624, lossD_real_avg: 0.7247, lossD_fake_avg: 0.7179, lossG_avg: 24636.4207, lossG_G_avg: 0.5409, lossG_D_avg: 0.7535, lossG_gdl_avg: 24635.1259, eta_epoch: 0.05 hours,
epoch: 1/50, batch: 34/624, lossD_real_avg: 0.7241, lossD_fake_avg: 0.7166, lossG_avg: 24434.6484, lossG_G_avg: 0.5341, lossG_D_avg: 0.7516, lossG_gdl_avg: 24433.3623, eta_epoch: 0.05 hours,
epoch: 1/50, batch: 35/624, lossD_real_avg: 0.7236, lossD_fake_avg: 0.7173, lossG_avg: 24188.3194, lossG_G_avg: 0.5264, lossG_D_avg: 0.7483, lossG_gdl_avg: 24187.0444, eta_epoch: 0.05 hours,
epoch: 1/50, batch: 36/624, lossD_real_avg: 0.7189, lossD_fake_avg: 0.7177, lossG_avg: 23958.1695, lossG_G_avg: 0.5188, lossG_D_avg: 0.7459, lossG_gdl_avg: 23956.9046, eta_epoch: 0.05 hours,
epoch: 1/50, batch: 37/624, lossD_real_avg: 0.7145, lossD_fake_avg: 0.7207, lossG_avg: 23845.2454, lossG_G_avg: 0.5122, lossG_D_avg: 0.7426, lossG_gdl_avg: 23843.9904, eta_epoch: 0.05 hours,
epoch: 1/50, batch: 38/624, lossD_real_avg: 0.7109, lossD_fake_avg: 0.7223, lossG_avg: 23672.4907, lossG_G_avg: 0.5054, lossG_D_avg: 0.7410, lossG_gdl_avg: 23671.2441, eta_epoch: 0.05 hours,
epoch: 1/50, batch: 39/624, lossD_real_avg: 0.7085, lossD_fake_avg: 0.7250, lossG_avg: 23529.4682, lossG_G_avg: 0.5021, lossG_D_avg: 0.7394, lossG_gdl_avg: 23528.2265, eta_epoch: 0.05 hours,
epoch: 1/50, batch: 40/624, lossD_real_avg: 0.7071, lossD_fake_avg: 0.7268, lossG_avg: 23352.4902, lossG_G_avg: 0.4953, lossG_D_avg: 0.7385, lossG_gdl_avg: 23351.2562, eta_epoch: 0.05 hours,
epoch: 1/50, batch: 41/624, lossD_real_avg: 0.7060, lossD_fake_avg: 0.7257, lossG_avg: 23261.9343, lossG_G_avg: 0.4896, lossG_D_avg: 0.7398, lossG_gdl_avg: 23260.7046, eta_epoch: 0.05 hours,
epoch: 1/50, batch: 42/624, lossD_real_avg: 0.7055, lossD_fake_avg: 0.7230, lossG_avg: 23131.8258, lossG_G_avg: 0.4836, lossG_D_avg: 0.7431, lossG_gdl_avg: 23130.5989, eta_epoch: 0.05 hours,
epoch: 1/50, batch: 43/624, lossD_real_avg: 0.7067, lossD_fake_avg: 0.7213, lossG_avg: 23021.6229, lossG_G_avg: 0.4774, lossG_D_avg: 0.7442, lossG_gdl_avg: 23020.4011, eta_epoch: 0.05 hours,
epoch: 1/50, batch: 44/624, lossD_real_avg: 0.7077, lossD_fake_avg: 0.7188, lossG_avg: 22858.7326, lossG_G_avg: 0.4718, lossG_D_avg: 0.7454, lossG_gdl_avg: 22857.5152, eta_epoch: 0.05 hours,
epoch: 1/50, batch: 45/624, lossD_real_avg: 0.7094, lossD_fake_avg: 0.7163, lossG_avg: 22790.3012, lossG_G_avg: 0.4656, lossG_D_avg: 0.7462, lossG_gdl_avg: 22789.0892, eta_epoch: 0.05 hours,
epoch: 1/50, batch: 46/624, lossD_real_avg: 0.7084, lossD_fake_avg: 0.7138, lossG_avg: 22652.3567, lossG_G_avg: 0.4608, lossG_D_avg: 0.7477, lossG_gdl_avg: 22651.1480, eta_epoch: 0.05 hours,
epoch: 1/50, batch: 47/624, lossD_real_avg: 0.7071, lossD_fake_avg: 0.7134, lossG_avg: 22526.0128, lossG_G_avg: 0.4559, lossG_D_avg: 0.7463, lossG_gdl_avg: 22524.8104, eta_epoch: 0.05 hours,
epoch: 1/50, batch: 48/624, lossD_real_avg: 0.7053, lossD_fake_avg: 0.7140, lossG_avg: 22445.9742, lossG_G_avg: 0.4503, lossG_D_avg: 0.7451, lossG_gdl_avg: 22444.7786, eta_epoch: 0.05 hours,
epoch: 1/50, batch: 49/624, lossD_real_avg: 0.7041, lossD_fake_avg: 0.7136, lossG_avg: 22296.4990, lossG_G_avg: 0.4462, lossG_D_avg: 0.7452, lossG_gdl_avg: 22295.3075, eta_epoch: 0.05 hours,
epoch: 1/50, batch: 50/624, lossD_real_avg: 0.7028, lossD_fake_avg: 0.7137, lossG_avg: 22153.7911, lossG_G_avg: 0.4419, lossG_D_avg: 0.7447, lossG_gdl_avg: 22152.6043, eta_epoch: 0.05 hours,
epoch: 1/50, batch: 51/624, lossD_real_avg: 0.7015, lossD_fake_avg: 0.7134, lossG_avg: 21986.5372, lossG_G_avg: 0.4372, lossG_D_avg: 0.7444, lossG_gdl_avg: 21985.3554, eta_epoch: 0.05 hours,
epoch: 1/50, batch: 52/624, lossD_real_avg: 0.7008, lossD_fake_avg: 0.7125, lossG_avg: 21876.4930, lossG_G_avg: 0.4319, lossG_D_avg: 0.7476, lossG_gdl_avg: 21875.3134, eta_epoch: 0.05 hours,
epoch: 1/50, batch: 53/624, lossD_real_avg: 0.7020, lossD_fake_avg: 0.7120, lossG_avg: 21761.9651, lossG_G_avg: 0.4296, lossG_D_avg: 0.7475, lossG_gdl_avg: 21760.7879, eta_epoch: 0.05 hours,
epoch: 1/50, batch: 54/624, lossD_real_avg: 0.7015, lossD_fake_avg: 0.7115, lossG_avg: 21687.0813, lossG_G_avg: 0.4248, lossG_D_avg: 0.7493, lossG_gdl_avg: 21685.9070, eta_epoch: 0.05 hours,
epoch: 1/50, batch: 55/624, lossD_real_avg: 0.7028, lossD_fake_avg: 0.7092, lossG_avg: 21558.4533, lossG_G_avg: 0.4207, lossG_D_avg: 0.7511, lossG_gdl_avg: 21557.2813, eta_epoch: 0.05 hours,
epoch: 1/50, batch: 56/624, lossD_real_avg: 0.7015, lossD_fake_avg: 0.7079, lossG_avg: 21475.8929, lossG_G_avg: 0.4163, lossG_D_avg: 0.7529, lossG_gdl_avg: 21474.7235, eta_epoch: 0.05 hours,
epoch: 1/50, batch: 57/624, lossD_real_avg: 0.7006, lossD_fake_avg: 0.7059, lossG_avg: 21413.7799, lossG_G_avg: 0.4123, lossG_D_avg: 0.7538, lossG_gdl_avg: 21412.6136, eta_epoch: 0.05 hours,
epoch: 1/50, batch: 58/624, lossD_real_avg: 0.6986, lossD_fake_avg: 0.7059, lossG_avg: 21312.3069, lossG_G_avg: 0.4089, lossG_D_avg: 0.7515, lossG_gdl_avg: 21311.1464, eta_epoch: 0.05 hours,
epoch: 1/50, batch: 59/624, lossD_real_avg: 0.6967, lossD_fake_avg: 0.7035, lossG_avg: 21232.2797, lossG_G_avg: 0.4054, lossG_D_avg: 0.7529, lossG_gdl_avg: 21231.1212, eta_epoch: 0.05 hours,
epoch: 1/50, batch: 60/624, lossD_real_avg: 0.6932, lossD_fake_avg: 0.7036, lossG_avg: 21102.9000, lossG_G_avg: 0.4021, lossG_D_avg: 0.7529, lossG_gdl_avg: 21101.7449, eta_epoch: 0.05 hours,
epoch: 1/50, batch: 61/624, lossD_real_avg: 0.6891, lossD_fake_avg: 0.7030, lossG_avg: 21005.6427, lossG_G_avg: 0.3991, lossG_D_avg: 0.7536, lossG_gdl_avg: 21004.4898, eta_epoch: 0.05 hours,
epoch: 1/50, batch: 62/624, lossD_real_avg: 0.6853, lossD_fake_avg: 0.7017, lossG_avg: 20924.1607, lossG_G_avg: 0.3954, lossG_D_avg: 0.7563, lossG_gdl_avg: 20923.0088, eta_epoch: 0.05 hours,
epoch: 1/50, batch: 63/624, lossD_real_avg: 0.6859, lossD_fake_avg: 0.7029, lossG_avg: 20840.6770, lossG_G_avg: 0.3916, lossG_D_avg: 0.7571, lossG_gdl_avg: 20839.5281, eta_epoch: 0.05 hours,
epoch: 1/50, batch: 64/624, lossD_real_avg: 0.6843, lossD_fake_avg: 0.7031, lossG_avg: 20813.8048, lossG_G_avg: 0.3879, lossG_D_avg: 0.7596, lossG_gdl_avg: 20812.6571, eta_epoch: 0.05 hours,
epoch: 1/50, batch: 65/624, lossD_real_avg: 0.6823, lossD_fake_avg: 0.6996, lossG_avg: 20753.1890, lossG_G_avg: 0.3849, lossG_D_avg: 0.7660, lossG_gdl_avg: 20752.0380, eta_epoch: 0.05 hours,
epoch: 1/50, batch: 66/624, lossD_real_avg: 0.6833, lossD_fake_avg: 0.6957, lossG_avg: 20662.2378, lossG_G_avg: 0.3814, lossG_D_avg: 0.7701, lossG_gdl_avg: 20661.0861, eta_epoch: 0.05 hours,
epoch: 1/50, batch: 67/624, lossD_real_avg: 0.6834, lossD_fake_avg: 0.6929, lossG_avg: 20621.4480, lossG_G_avg: 0.3781, lossG_D_avg: 0.7725, lossG_gdl_avg: 20620.2973, eta_epoch: 0.05 hours,
epoch: 1/50, batch: 68/624, lossD_real_avg: 0.6814, lossD_fake_avg: 0.6901, lossG_avg: 20566.4459, lossG_G_avg: 0.3760, lossG_D_avg: 0.7757, lossG_gdl_avg: 20565.2942, eta_epoch: 0.05 hours,
epoch: 1/50, batch: 69/624, lossD_real_avg: 0.6796, lossD_fake_avg: 0.6910, lossG_avg: 20483.8460, lossG_G_avg: 0.3733, lossG_D_avg: 0.7752, lossG_gdl_avg: 20482.6973, eta_epoch: 0.05 hours,
epoch: 1/50, batch: 70/624, lossD_real_avg: 0.6770, lossD_fake_avg: 0.6916, lossG_avg: 20456.3513, lossG_G_avg: 0.3704, lossG_D_avg: 0.7786, lossG_gdl_avg: 20455.2022, eta_epoch: 0.05 hours,
epoch: 1/50, batch: 71/624, lossD_real_avg: 0.6719, lossD_fake_avg: 0.6901, lossG_avg: 20395.9601, lossG_G_avg: 0.3674, lossG_D_avg: 0.7836, lossG_gdl_avg: 20394.8089, eta_epoch: 0.05 hours,
epoch: 1/50, batch: 72/624, lossD_real_avg: 0.6738, lossD_fake_avg: 0.6851, lossG_avg: 20353.1763, lossG_G_avg: 0.3650, lossG_D_avg: 0.7923, lossG_gdl_avg: 20352.0189, eta_epoch: 0.05 hours,
epoch: 1/50, batch: 73/624, lossD_real_avg: 0.6796, lossD_fake_avg: 0.6821, lossG_avg: 20288.3665, lossG_G_avg: 0.3623, lossG_D_avg: 0.7944, lossG_gdl_avg: 20287.2097, eta_epoch: 0.05 hours,
epoch: 1/50, batch: 74/624, lossD_real_avg: 0.6835, lossD_fake_avg: 0.6846, lossG_avg: 20247.5679, lossG_G_avg: 0.3594, lossG_D_avg: 0.7910, lossG_gdl_avg: 20246.4174, eta_epoch: 0.05 hours,
epoch: 1/50, batch: 75/624, lossD_real_avg: 0.6809, lossD_fake_avg: 0.6857, lossG_avg: 20199.8211, lossG_G_avg: 0.3569, lossG_D_avg: 0.7902, lossG_gdl_avg: 20198.6738, eta_epoch: 0.05 hours,
epoch: 1/50, batch: 76/624, lossD_real_avg: 0.6749, lossD_fake_avg: 0.6926, lossG_avg: 20112.0547, lossG_G_avg: 0.3540, lossG_D_avg: 0.7898, lossG_gdl_avg: 20110.9108, eta_epoch: 0.05 hours,
epoch: 1/50, batch: 77/624, lossD_real_avg: 0.6697, lossD_fake_avg: 0.6935, lossG_avg: 20077.8310, lossG_G_avg: 0.3512, lossG_D_avg: 0.7955, lossG_gdl_avg: 20076.6841, eta_epoch: 0.05 hours,
epoch: 1/50, batch: 78/624, lossD_real_avg: 0.6669, lossD_fake_avg: 0.6873, lossG_avg: 19996.6011, lossG_G_avg: 0.3493, lossG_D_avg: 0.8121, lossG_gdl_avg: 19995.4395, eta_epoch: 0.05 hours,
epoch: 1/50, batch: 79/624, lossD_real_avg: 0.6737, lossD_fake_avg: 0.6846, lossG_avg: 19914.0265, lossG_G_avg: 0.3466, lossG_D_avg: 0.8192, lossG_gdl_avg: 19912.8605, eta_epoch: 0.05 hours,
epoch: 1/50, batch: 80/624, lossD_real_avg: 0.6745, lossD_fake_avg: 0.6798, lossG_avg: 19839.1084, lossG_G_avg: 0.3440, lossG_D_avg: 0.8274, lossG_gdl_avg: 19837.9368, eta_epoch: 0.04 hours,
epoch: 1/50, batch: 81/624, lossD_real_avg: 0.6840, lossD_fake_avg: 0.6746, lossG_avg: 19758.7380, lossG_G_avg: 0.3418, lossG_D_avg: 0.8364, lossG_gdl_avg: 19757.5596, eta_epoch: 0.04 hours,
epoch: 1/50, batch: 82/624, lossD_real_avg: 0.6831, lossD_fake_avg: 0.6718, lossG_avg: 19707.5015, lossG_G_avg: 0.3396, lossG_D_avg: 0.8369, lossG_gdl_avg: 19706.3248, eta_epoch: 0.04 hours,
epoch: 1/50, batch: 83/624, lossD_real_avg: 0.6806, lossD_fake_avg: 0.6757, lossG_avg: 19643.2975, lossG_G_avg: 0.3378, lossG_D_avg: 0.8359, lossG_gdl_avg: 19642.1237, eta_epoch: 0.04 hours,
epoch: 1/50, batch: 84/624, lossD_real_avg: 0.6754, lossD_fake_avg: 0.6813, lossG_avg: 19603.3809, lossG_G_avg: 0.3355, lossG_D_avg: 0.8333, lossG_gdl_avg: 19602.2120, eta_epoch: 0.04 hours,
epoch: 1/50, batch: 85/624, lossD_real_avg: 0.6716, lossD_fake_avg: 0.6897, lossG_avg: 19540.6324, lossG_G_avg: 0.3338, lossG_D_avg: 0.8291, lossG_gdl_avg: 19539.4694, eta_epoch: 0.04 hours,
epoch: 1/50, batch: 86/624, lossD_real_avg: 0.6717, lossD_fake_avg: 0.6954, lossG_avg: 19544.5998, lossG_G_avg: 0.3316, lossG_D_avg: 0.8258, lossG_gdl_avg: 19543.4422, eta_epoch: 0.04 hours,
epoch: 1/50, batch: 87/624, lossD_real_avg: 0.6680, lossD_fake_avg: 0.7003, lossG_avg: 19465.7000, lossG_G_avg: 0.3294, lossG_D_avg: 0.8280, lossG_gdl_avg: 19464.5425, eta_epoch: 0.04 hours,
epoch: 1/50, batch: 88/624, lossD_real_avg: 0.6650, lossD_fake_avg: 0.6988, lossG_avg: 19396.1253, lossG_G_avg: 0.3272, lossG_D_avg: 0.8344, lossG_gdl_avg: 19394.9636, eta_epoch: 0.04 hours,
epoch: 1/50, batch: 89/624, lossD_real_avg: 0.6712, lossD_fake_avg: 0.6990, lossG_avg: 19361.0731, lossG_G_avg: 0.3252, lossG_D_avg: 0.8425, lossG_gdl_avg: 19359.9052, eta_epoch: 0.04 hours,
epoch: 1/50, batch: 90/624, lossD_real_avg: 0.6721, lossD_fake_avg: 0.6949, lossG_avg: 19284.8659, lossG_G_avg: 0.3240, lossG_D_avg: 0.8514, lossG_gdl_avg: 19283.6903, eta_epoch: 0.04 hours,
epoch: 1/50, batch: 91/624, lossD_real_avg: 0.6772, lossD_fake_avg: 0.6937, lossG_avg: 19231.3856, lossG_G_avg: 0.3219, lossG_D_avg: 0.8535, lossG_gdl_avg: 19230.2100, eta_epoch: 0.04 hours,
epoch: 1/50, batch: 92/624, lossD_real_avg: 0.6837, lossD_fake_avg: 0.6913, lossG_avg: 19180.3683, lossG_G_avg: 0.3208, lossG_D_avg: 0.8575, lossG_gdl_avg: 19179.1900, eta_epoch: 0.04 hours,
epoch: 1/50, batch: 93/624, lossD_real_avg: 0.6821, lossD_fake_avg: 0.6882, lossG_avg: 19109.3631, lossG_G_avg: 0.3192, lossG_D_avg: 0.8598, lossG_gdl_avg: 19108.1839, eta_epoch: 0.04 hours,
epoch: 1/50, batch: 94/624, lossD_real_avg: 0.6822, lossD_fake_avg: 0.6868, lossG_avg: 19038.6441, lossG_G_avg: 0.3181, lossG_D_avg: 0.8587, lossG_gdl_avg: 19037.4673, eta_epoch: 0.04 hours,
epoch: 1/50, batch: 95/624, lossD_real_avg: 0.6810, lossD_fake_avg: 0.6855, lossG_avg: 18993.9522, lossG_G_avg: 0.3161, lossG_D_avg: 0.8577, lossG_gdl_avg: 18992.7782, eta_epoch: 0.04 hours,
epoch: 1/50, batch: 96/624, lossD_real_avg: 0.6788, lossD_fake_avg: 0.6883, lossG_avg: 18967.7598, lossG_G_avg: 0.3144, lossG_D_avg: 0.8557, lossG_gdl_avg: 18966.5896, eta_epoch: 0.04 hours,
epoch: 1/50, batch: 97/624, lossD_real_avg: 0.6756, lossD_fake_avg: 0.6892, lossG_avg: 18913.0907, lossG_G_avg: 0.3128, lossG_D_avg: 0.8541, lossG_gdl_avg: 18911.9237, eta_epoch: 0.04 hours,
epoch: 1/50, batch: 98/624, lossD_real_avg: 0.6754, lossD_fake_avg: 0.6884, lossG_avg: 18885.4065, lossG_G_avg: 0.3110, lossG_D_avg: 0.8544, lossG_gdl_avg: 18884.2410, eta_epoch: 0.04 hours,
epoch: 1/50, batch: 99/624, lossD_real_avg: 0.6735, lossD_fake_avg: 0.6901, lossG_avg: 18834.4560, lossG_G_avg: 0.3090, lossG_D_avg: 0.8529, lossG_gdl_avg: 18833.2939, eta_epoch: 0.04 hours,
epoch: 1/50, batch: 100/624, lossD_real_avg: 0.6715, lossD_fake_avg: 0.6933, lossG_avg: 18816.9637, lossG_G_avg: 0.3074, lossG_D_avg: 0.8509, lossG_gdl_avg: 18815.8054, eta_epoch: 0.04 hours,
epoch: 1/50, batch: 101/624, lossD_real_avg: 0.6693, lossD_fake_avg: 0.6927, lossG_avg: 18755.8280, lossG_G_avg: 0.3068, lossG_D_avg: 0.8526, lossG_gdl_avg: 18754.6685, eta_epoch: 0.04 hours,
epoch: 1/50, batch: 102/624, lossD_real_avg: 0.6698, lossD_fake_avg: 0.6926, lossG_avg: 18749.6009, lossG_G_avg: 0.3056, lossG_D_avg: 0.8524, lossG_gdl_avg: 18748.4428, eta_epoch: 0.04 hours,
epoch: 1/50, batch: 103/624, lossD_real_avg: 0.6686, lossD_fake_avg: 0.6903, lossG_avg: 18698.2397, lossG_G_avg: 0.3046, lossG_D_avg: 0.8562, lossG_gdl_avg: 18697.0789, eta_epoch: 0.04 hours,
epoch: 1/50, batch: 104/624, lossD_real_avg: 0.6689, lossD_fake_avg: 0.6887, lossG_avg: 18659.2548, lossG_G_avg: 0.3033, lossG_D_avg: 0.8580, lossG_gdl_avg: 18658.0933, eta_epoch: 0.04 hours,
epoch: 1/50, batch: 105/624, lossD_real_avg: 0.6676, lossD_fake_avg: 0.6863, lossG_avg: 18633.9427, lossG_G_avg: 0.3018, lossG_D_avg: 0.8616, lossG_gdl_avg: 18632.7792, eta_epoch: 0.04 hours,
epoch: 1/50, batch: 106/624, lossD_real_avg: 0.6688, lossD_fake_avg: 0.6844, lossG_avg: 18588.1909, lossG_G_avg: 0.3004, lossG_D_avg: 0.8642, lossG_gdl_avg: 18587.0262, eta_epoch: 0.04 hours,
epoch: 1/50, batch: 107/624, lossD_real_avg: 0.6678, lossD_fake_avg: 0.6824, lossG_avg: 18555.2564, lossG_G_avg: 0.2994, lossG_D_avg: 0.8663, lossG_gdl_avg: 18554.0906, eta_epoch: 0.04 hours,
epoch: 1/50, batch: 108/624, lossD_real_avg: 0.6673, lossD_fake_avg: 0.6805, lossG_avg: 18488.4984, lossG_G_avg: 0.2984, lossG_D_avg: 0.8692, lossG_gdl_avg: 18487.3308, eta_epoch: 0.04 hours,
epoch: 1/50, batch: 109/624, lossD_real_avg: 0.6666, lossD_fake_avg: 0.6815, lossG_avg: 18459.8852, lossG_G_avg: 0.2970, lossG_D_avg: 0.8711, lossG_gdl_avg: 18458.7170, eta_epoch: 0.04 hours,
epoch: 1/50, batch: 110/624, lossD_real_avg: 0.6664, lossD_fake_avg: 0.6798, lossG_avg: 18410.8344, lossG_G_avg: 0.2963, lossG_D_avg: 0.8733, lossG_gdl_avg: 18409.6647, eta_epoch: 0.04 hours,
epoch: 1/50, batch: 111/624, lossD_real_avg: 0.6682, lossD_fake_avg: 0.6783, lossG_avg: 18382.0990, lossG_G_avg: 0.2949, lossG_D_avg: 0.8744, lossG_gdl_avg: 18380.9296, eta_epoch: 0.04 hours,
epoch: 1/50, batch: 112/624, lossD_real_avg: 0.6663, lossD_fake_avg: 0.6780, lossG_avg: 18370.3618, lossG_G_avg: 0.2940, lossG_D_avg: 0.8750, lossG_gdl_avg: 18369.1928, eta_epoch: 0.04 hours,
epoch: 1/50, batch: 113/624, lossD_real_avg: 0.6663, lossD_fake_avg: 0.6776, lossG_avg: 18331.1782, lossG_G_avg: 0.2926, lossG_D_avg: 0.8756, lossG_gdl_avg: 18330.0098, eta_epoch: 0.04 hours,
epoch: 1/50, batch: 114/624, lossD_real_avg: 0.6674, lossD_fake_avg: 0.6767, lossG_avg: 18296.7549, lossG_G_avg: 0.2914, lossG_D_avg: 0.8761, lossG_gdl_avg: 18295.5872, eta_epoch: 0.04 hours,
epoch: 1/50, batch: 115/624, lossD_real_avg: 0.6684, lossD_fake_avg: 0.6761, lossG_avg: 18288.7727, lossG_G_avg: 0.2903, lossG_D_avg: 0.8760, lossG_gdl_avg: 18287.6063, eta_epoch: 0.04 hours,
epoch: 1/50, batch: 116/624, lossD_real_avg: 0.6667, lossD_fake_avg: 0.6758, lossG_avg: 18247.9598, lossG_G_avg: 0.2897, lossG_D_avg: 0.8762, lossG_gdl_avg: 18246.7938, eta_epoch: 0.04 hours,
epoch: 1/50, batch: 117/624, lossD_real_avg: 0.6651, lossD_fake_avg: 0.6735, lossG_avg: 18223.6333, lossG_G_avg: 0.2891, lossG_D_avg: 0.8806, lossG_gdl_avg: 18222.4636, eta_epoch: 0.04 hours,
epoch: 1/50, batch: 118/624, lossD_real_avg: 0.6624, lossD_fake_avg: 0.6720, lossG_avg: 18163.5705, lossG_G_avg: 0.2884, lossG_D_avg: 0.8827, lossG_gdl_avg: 18162.3993, eta_epoch: 0.04 hours,
epoch: 1/50, batch: 119/624, lossD_real_avg: 0.6615, lossD_fake_avg: 0.6699, lossG_avg: 18123.8308, lossG_G_avg: 0.2873, lossG_D_avg: 0.8847, lossG_gdl_avg: 18122.6588, eta_epoch: 0.04 hours,
epoch: 1/50, batch: 120/624, lossD_real_avg: 0.6622, lossD_fake_avg: 0.6698, lossG_avg: 18082.2009, lossG_G_avg: 0.2871, lossG_D_avg: 0.8840, lossG_gdl_avg: 18081.0297, eta_epoch: 0.04 hours,
epoch: 1/50, batch: 121/624, lossD_real_avg: 0.6606, lossD_fake_avg: 0.6704, lossG_avg: 18028.5712, lossG_G_avg: 0.2868, lossG_D_avg: 0.8832, lossG_gdl_avg: 18027.4011, eta_epoch: 0.04 hours,
epoch: 1/50, batch: 122/624, lossD_real_avg: 0.6577, lossD_fake_avg: 0.6731, lossG_avg: 17974.4895, lossG_G_avg: 0.2862, lossG_D_avg: 0.8838, lossG_gdl_avg: 17973.3195, eta_epoch: 0.04 hours,
epoch: 1/50, batch: 123/624, lossD_real_avg: 0.6542, lossD_fake_avg: 0.6753, lossG_avg: 17932.5981, lossG_G_avg: 0.2853, lossG_D_avg: 0.8836, lossG_gdl_avg: 17931.4292, eta_epoch: 0.04 hours,
epoch: 1/50, batch: 124/624, lossD_real_avg: 0.6524, lossD_fake_avg: 0.6746, lossG_avg: 17912.4202, lossG_G_avg: 0.2841, lossG_D_avg: 0.8849, lossG_gdl_avg: 17911.2512, eta_epoch: 0.04 hours,
epoch: 1/50, batch: 125/624, lossD_real_avg: 0.6496, lossD_fake_avg: 0.6750, lossG_avg: 17872.9602, lossG_G_avg: 0.2831, lossG_D_avg: 0.8856, lossG_gdl_avg: 17871.7914, eta_epoch: 0.04 hours,
epoch: 1/50, batch: 126/624, lossD_real_avg: 0.6505, lossD_fake_avg: 0.6743, lossG_avg: 17852.6843, lossG_G_avg: 0.2821, lossG_D_avg: 0.8884, lossG_gdl_avg: 17851.5137, eta_epoch: 0.04 hours,
epoch: 1/50, batch: 127/624, lossD_real_avg: 0.6492, lossD_fake_avg: 0.6745, lossG_avg: 17804.9617, lossG_G_avg: 0.2811, lossG_D_avg: 0.8906, lossG_gdl_avg: 17803.7899, eta_epoch: 0.04 hours,
epoch: 1/50, batch: 128/624, lossD_real_avg: 0.6547, lossD_fake_avg: 0.6744, lossG_avg: 17787.1570, lossG_G_avg: 0.2802, lossG_D_avg: 0.8908, lossG_gdl_avg: 17785.9859, eta_epoch: 0.04 hours,
epoch: 1/50, batch: 129/624, lossD_real_avg: 0.6570, lossD_fake_avg: 0.6733, lossG_avg: 17750.2146, lossG_G_avg: 0.2794, lossG_D_avg: 0.8914, lossG_gdl_avg: 17749.0437, eta_epoch: 0.04 hours,
epoch: 1/50, batch: 130/624, lossD_real_avg: 0.6556, lossD_fake_avg: 0.6721, lossG_avg: 17731.2615, lossG_G_avg: 0.2783, lossG_D_avg: 0.8916, lossG_gdl_avg: 17730.0915, eta_epoch: 0.04 hours,
epoch: 1/50, batch: 131/624, lossD_real_avg: 0.6537, lossD_fake_avg: 0.6717, lossG_avg: 17686.1070, lossG_G_avg: 0.2775, lossG_D_avg: 0.8932, lossG_gdl_avg: 17684.9362, eta_epoch: 0.04 hours,
epoch: 1/50, batch: 132/624, lossD_real_avg: 0.6544, lossD_fake_avg: 0.6730, lossG_avg: 17671.6252, lossG_G_avg: 0.2765, lossG_D_avg: 0.8930, lossG_gdl_avg: 17670.4556, eta_epoch: 0.04 hours,
epoch: 1/50, batch: 133/624, lossD_real_avg: 0.6548, lossD_fake_avg: 0.6713, lossG_avg: 17639.4762, lossG_G_avg: 0.2760, lossG_D_avg: 0.8949, lossG_gdl_avg: 17638.3052, eta_epoch: 0.04 hours,
epoch: 1/50, batch: 134/624, lossD_real_avg: 0.6541, lossD_fake_avg: 0.6694, lossG_avg: 17607.7996, lossG_G_avg: 0.2753, lossG_D_avg: 0.8969, lossG_gdl_avg: 17606.6273, eta_epoch: 0.04 hours,
epoch: 1/50, batch: 135/624, lossD_real_avg: 0.6559, lossD_fake_avg: 0.6678, lossG_avg: 17595.6323, lossG_G_avg: 0.2747, lossG_D_avg: 0.8975, lossG_gdl_avg: 17594.4600, eta_epoch: 0.04 hours,
epoch: 1/50, batch: 136/624, lossD_real_avg: 0.6536, lossD_fake_avg: 0.6662, lossG_avg: 17575.2386, lossG_G_avg: 0.2740, lossG_D_avg: 0.8999, lossG_gdl_avg: 17574.0646, eta_epoch: 0.04 hours,
epoch: 1/50, batch: 137/624, lossD_real_avg: 0.6516, lossD_fake_avg: 0.6646, lossG_avg: 17550.8776, lossG_G_avg: 0.2736, lossG_D_avg: 0.9012, lossG_gdl_avg: 17549.7027, eta_epoch: 0.04 hours,
epoch: 1/50, batch: 138/624, lossD_real_avg: 0.6511, lossD_fake_avg: 0.6649, lossG_avg: 17518.8222, lossG_G_avg: 0.2727, lossG_D_avg: 0.9012, lossG_gdl_avg: 17517.6483, eta_epoch: 0.04 hours,
epoch: 1/50, batch: 139/624, lossD_real_avg: 0.6503, lossD_fake_avg: 0.6655, lossG_avg: 17485.2268, lossG_G_avg: 0.2717, lossG_D_avg: 0.8999, lossG_gdl_avg: 17484.0551, eta_epoch: 0.04 hours,
epoch: 1/50, batch: 140/624, lossD_real_avg: 0.6482, lossD_fake_avg: 0.6674, lossG_avg: 17457.1292, lossG_G_avg: 0.2707, lossG_D_avg: 0.8995, lossG_gdl_avg: 17455.9589, eta_epoch: 0.04 hours,
epoch: 1/50, batch: 141/624, lossD_real_avg: 0.6470, lossD_fake_avg: 0.6699, lossG_avg: 17410.1043, lossG_G_avg: 0.2706, lossG_D_avg: 0.8981, lossG_gdl_avg: 17408.9356, eta_epoch: 0.04 hours,
epoch: 1/50, batch: 142/624, lossD_real_avg: 0.6440, lossD_fake_avg: 0.6700, lossG_avg: 17398.7350, lossG_G_avg: 0.2699, lossG_D_avg: 0.8988, lossG_gdl_avg: 17397.5662, eta_epoch: 0.04 hours,
epoch: 1/50, batch: 143/624, lossD_real_avg: 0.6420, lossD_fake_avg: 0.6689, lossG_avg: 17356.6554, lossG_G_avg: 0.2694, lossG_D_avg: 0.9041, lossG_gdl_avg: 17355.4819, eta_epoch: 0.04 hours,
epoch: 1/50, batch: 144/624, lossD_real_avg: 0.6409, lossD_fake_avg: 0.6682, lossG_avg: 17338.5803, lossG_G_avg: 0.2689, lossG_D_avg: 0.9082, lossG_gdl_avg: 17337.4031, eta_epoch: 0.04 hours,
epoch: 1/50, batch: 145/624, lossD_real_avg: 0.6407, lossD_fake_avg: 0.6684, lossG_avg: 17302.2959, lossG_G_avg: 0.2681, lossG_D_avg: 0.9121, lossG_gdl_avg: 17301.1157, eta_epoch: 0.04 hours,
epoch: 1/50, batch: 146/624, lossD_real_avg: 0.6403, lossD_fake_avg: 0.6687, lossG_avg: 17291.7833, lossG_G_avg: 0.2673, lossG_D_avg: 0.9148, lossG_gdl_avg: 17290.6012, eta_epoch: 0.04 hours,
epoch: 1/50, batch: 147/624, lossD_real_avg: 0.6410, lossD_fake_avg: 0.6669, lossG_avg: 17277.1109, lossG_G_avg: 0.2667, lossG_D_avg: 0.9160, lossG_gdl_avg: 17275.9282, eta_epoch: 0.04 hours,
epoch: 1/50, batch: 148/624, lossD_real_avg: 0.6426, lossD_fake_avg: 0.6645, lossG_avg: 17249.0486, lossG_G_avg: 0.2661, lossG_D_avg: 0.9192, lossG_gdl_avg: 17247.8632, eta_epoch: 0.04 hours,
epoch: 1/50, batch: 149/624, lossD_real_avg: 0.6416, lossD_fake_avg: 0.6623, lossG_avg: 17210.2584, lossG_G_avg: 0.2656, lossG_D_avg: 0.9214, lossG_gdl_avg: 17209.0712, eta_epoch: 0.04 hours,
epoch: 1/50, batch: 150/624, lossD_real_avg: 0.6402, lossD_fake_avg: 0.6615, lossG_avg: 17182.9092, lossG_G_avg: 0.2648, lossG_D_avg: 0.9211, lossG_gdl_avg: 17181.7232, eta_epoch: 0.04 hours,
epoch: 1/50, batch: 151/624, lossD_real_avg: 0.6386, lossD_fake_avg: 0.6616, lossG_avg: 17146.9681, lossG_G_avg: 0.2642, lossG_D_avg: 0.9218, lossG_gdl_avg: 17145.7821, eta_epoch: 0.04 hours,
epoch: 1/50, batch: 152/624, lossD_real_avg: 0.6366, lossD_fake_avg: 0.6606, lossG_avg: 17107.8207, lossG_G_avg: 0.2635, lossG_D_avg: 0.9239, lossG_gdl_avg: 17106.6332, eta_epoch: 0.04 hours,
epoch: 1/50, batch: 153/624, lossD_real_avg: 0.6366, lossD_fake_avg: 0.6586, lossG_avg: 17095.0165, lossG_G_avg: 0.2628, lossG_D_avg: 0.9263, lossG_gdl_avg: 17093.8273, eta_epoch: 0.04 hours,
epoch: 1/50, batch: 154/624, lossD_real_avg: 0.6353, lossD_fake_avg: 0.6588, lossG_avg: 17065.7113, lossG_G_avg: 0.2623, lossG_D_avg: 0.9268, lossG_gdl_avg: 17064.5222, eta_epoch: 0.04 hours,
epoch: 1/50, batch: 155/624, lossD_real_avg: 0.6388, lossD_fake_avg: 0.6572, lossG_avg: 17052.8440, lossG_G_avg: 0.2616, lossG_D_avg: 0.9280, lossG_gdl_avg: 17051.6544, eta_epoch: 0.04 hours,
epoch: 1/50, batch: 156/624, lossD_real_avg: 0.6392, lossD_fake_avg: 0.6555, lossG_avg: 17030.9744, lossG_G_avg: 0.2610, lossG_D_avg: 0.9286, lossG_gdl_avg: 17029.7847, eta_epoch: 0.04 hours,
epoch: 1/50, batch: 157/624, lossD_real_avg: 0.6380, lossD_fake_avg: 0.6566, lossG_avg: 17007.7593, lossG_G_avg: 0.2604, lossG_D_avg: 0.9283, lossG_gdl_avg: 17006.5705, eta_epoch: 0.04 hours,
epoch: 1/50, batch: 158/624, lossD_real_avg: 0.6365, lossD_fake_avg: 0.6562, lossG_avg: 17000.4688, lossG_G_avg: 0.2599, lossG_D_avg: 0.9288, lossG_gdl_avg: 16999.2800, eta_epoch: 0.04 hours,
epoch: 1/50, batch: 159/624, lossD_real_avg: 0.6351, lossD_fake_avg: 0.6568, lossG_avg: 16980.9352, lossG_G_avg: 0.2593, lossG_D_avg: 0.9281, lossG_gdl_avg: 16979.7477, eta_epoch: 0.04 hours,
epoch: 1/50, batch: 160/624, lossD_real_avg: 0.6336, lossD_fake_avg: 0.6573, lossG_avg: 16953.4825, lossG_G_avg: 0.2588, lossG_D_avg: 0.9277, lossG_gdl_avg: 16952.2959, eta_epoch: 0.04 hours,
epoch: 1/50, batch: 161/624, lossD_real_avg: 0.6323, lossD_fake_avg: 0.6559, lossG_avg: 16929.4930, lossG_G_avg: 0.2583, lossG_D_avg: 0.9318, lossG_gdl_avg: 16928.3028, eta_epoch: 0.04 hours,
epoch: 1/50, batch: 162/624, lossD_real_avg: 0.6362, lossD_fake_avg: 0.6581, lossG_avg: 16914.9651, lossG_G_avg: 0.2577, lossG_D_avg: 0.9345, lossG_gdl_avg: 16913.7728, eta_epoch: 0.04 hours,
epoch: 1/50, batch: 163/624, lossD_real_avg: 0.6362, lossD_fake_avg: 0.6607, lossG_avg: 16885.8159, lossG_G_avg: 0.2574, lossG_D_avg: 0.9327, lossG_gdl_avg: 16884.6257, eta_epoch: 0.04 hours,
epoch: 1/50, batch: 164/624, lossD_real_avg: 0.6360, lossD_fake_avg: 0.6606, lossG_avg: 16876.8315, lossG_G_avg: 0.2569, lossG_D_avg: 0.9355, lossG_gdl_avg: 16875.6391, eta_epoch: 0.04 hours,
epoch: 1/50, batch: 165/624, lossD_real_avg: 0.6371, lossD_fake_avg: 0.6613, lossG_avg: 16845.5365, lossG_G_avg: 0.2567, lossG_D_avg: 0.9357, lossG_gdl_avg: 16844.3441, eta_epoch: 0.04 hours,
epoch: 1/50, batch: 166/624, lossD_real_avg: 0.6385, lossD_fake_avg: 0.6593, lossG_avg: 16841.6396, lossG_G_avg: 0.2561, lossG_D_avg: 0.9394, lossG_gdl_avg: 16840.4441, eta_epoch: 0.04 hours,
epoch: 1/50, batch: 167/624, lossD_real_avg: 0.6408, lossD_fake_avg: 0.6584, lossG_avg: 16812.2882, lossG_G_avg: 0.2559, lossG_D_avg: 0.9395, lossG_gdl_avg: 16811.0927, eta_epoch: 0.04 hours,
epoch: 1/50, batch: 168/624, lossD_real_avg: 0.6406, lossD_fake_avg: 0.6564, lossG_avg: 16802.1782, lossG_G_avg: 0.2554, lossG_D_avg: 0.9413, lossG_gdl_avg: 16800.9815, eta_epoch: 0.04 hours,
epoch: 1/50, batch: 169/624, lossD_real_avg: 0.6413, lossD_fake_avg: 0.6552, lossG_avg: 16795.5386, lossG_G_avg: 0.2547, lossG_D_avg: 0.9416, lossG_gdl_avg: 16794.3422, eta_epoch: 0.04 hours,
epoch: 1/50, batch: 170/624, lossD_real_avg: 0.6399, lossD_fake_avg: 0.6561, lossG_avg: 16779.6494, lossG_G_avg: 0.2541, lossG_D_avg: 0.9405, lossG_gdl_avg: 16778.4547, eta_epoch: 0.04 hours,
epoch: 1/50, batch: 171/624, lossD_real_avg: 0.6416, lossD_fake_avg: 0.6539, lossG_avg: 16770.7693, lossG_G_avg: 0.2537, lossG_D_avg: 0.9428, lossG_gdl_avg: 16769.5728, eta_epoch: 0.04 hours,
epoch: 1/50, batch: 172/624, lossD_real_avg: 0.6418, lossD_fake_avg: 0.6534, lossG_avg: 16759.7034, lossG_G_avg: 0.2532, lossG_D_avg: 0.9427, lossG_gdl_avg: 16758.5075, eta_epoch: 0.04 hours,
epoch: 1/50, batch: 173/624, lossD_real_avg: 0.6415, lossD_fake_avg: 0.6561, lossG_avg: 16752.9447, lossG_G_avg: 0.2527, lossG_D_avg: 0.9410, lossG_gdl_avg: 16751.7510, eta_epoch: 0.04 hours,
epoch: 1/50, batch: 174/624, lossD_real_avg: 0.6402, lossD_fake_avg: 0.6544, lossG_avg: 16740.0142, lossG_G_avg: 0.2523, lossG_D_avg: 0.9427, lossG_gdl_avg: 16738.8191, eta_epoch: 0.04 hours,
epoch: 1/50, batch: 175/624, lossD_real_avg: 0.6395, lossD_fake_avg: 0.6569, lossG_avg: 16728.5852, lossG_G_avg: 0.2517, lossG_D_avg: 0.9408, lossG_gdl_avg: 16727.3926, eta_epoch: 0.04 hours,
epoch: 1/50, batch: 176/624, lossD_real_avg: 0.6390, lossD_fake_avg: 0.6554, lossG_avg: 16708.4967, lossG_G_avg: 0.2513, lossG_D_avg: 0.9422, lossG_gdl_avg: 16707.3031, eta_epoch: 0.04 hours,
epoch: 1/50, batch: 177/624, lossD_real_avg: 0.6373, lossD_fake_avg: 0.6558, lossG_avg: 16691.1808, lossG_G_avg: 0.2510, lossG_D_avg: 0.9415, lossG_gdl_avg: 16689.9882, eta_epoch: 0.04 hours,
epoch: 1/50, batch: 178/624, lossD_real_avg: 0.6359, lossD_fake_avg: 0.6565, lossG_avg: 16671.8042, lossG_G_avg: 0.2505, lossG_D_avg: 0.9405, lossG_gdl_avg: 16670.6131, eta_epoch: 0.04 hours,
epoch: 1/50, batch: 179/624, lossD_real_avg: 0.6345, lossD_fake_avg: 0.6556, lossG_avg: 16664.8336, lossG_G_avg: 0.2504, lossG_D_avg: 0.9424, lossG_gdl_avg: 16663.6407, eta_epoch: 0.04 hours,
epoch: 1/50, batch: 180/624, lossD_real_avg: 0.6360, lossD_fake_avg: 0.6546, lossG_avg: 16637.7327, lossG_G_avg: 0.2498, lossG_D_avg: 0.9440, lossG_gdl_avg: 16636.5389, eta_epoch: 0.04 hours,
epoch: 1/50, batch: 181/624, lossD_real_avg: 0.6351, lossD_fake_avg: 0.6527, lossG_avg: 16606.2411, lossG_G_avg: 0.2494, lossG_D_avg: 0.9475, lossG_gdl_avg: 16605.0441, eta_epoch: 0.04 hours,
epoch: 1/50, batch: 182/624, lossD_real_avg: 0.6380, lossD_fake_avg: 0.6562, lossG_avg: 16574.2722, lossG_G_avg: 0.2495, lossG_D_avg: 0.9454, lossG_gdl_avg: 16573.0772, eta_epoch: 0.03 hours,
epoch: 1/50, batch: 183/624, lossD_real_avg: 0.6382, lossD_fake_avg: 0.6547, lossG_avg: 16562.7554, lossG_G_avg: 0.2490, lossG_D_avg: 0.9480, lossG_gdl_avg: 16561.5583, eta_epoch: 0.03 hours,
epoch: 1/50, batch: 184/624, lossD_real_avg: 0.6377, lossD_fake_avg: 0.6529, lossG_avg: 16554.3388, lossG_G_avg: 0.2487, lossG_D_avg: 0.9516, lossG_gdl_avg: 16553.1385, eta_epoch: 0.03 hours,
epoch: 1/50, batch: 185/624, lossD_real_avg: 0.6398, lossD_fake_avg: 0.6515, lossG_avg: 16535.3779, lossG_G_avg: 0.2484, lossG_D_avg: 0.9542, lossG_gdl_avg: 16534.1753, eta_epoch: 0.03 hours,
epoch: 1/50, batch: 186/624, lossD_real_avg: 0.6392, lossD_fake_avg: 0.6502, lossG_avg: 16505.8698, lossG_G_avg: 0.2480, lossG_D_avg: 0.9561, lossG_gdl_avg: 16504.6656, eta_epoch: 0.03 hours,
epoch: 1/50, batch: 187/624, lossD_real_avg: 0.6418, lossD_fake_avg: 0.6485, lossG_avg: 16488.4221, lossG_G_avg: 0.2478, lossG_D_avg: 0.9568, lossG_gdl_avg: 16487.2175, eta_epoch: 0.03 hours,
epoch: 1/50, batch: 188/624, lossD_real_avg: 0.6401, lossD_fake_avg: 0.6488, lossG_avg: 16471.5307, lossG_G_avg: 0.2475, lossG_D_avg: 0.9572, lossG_gdl_avg: 16470.3259, eta_epoch: 0.03 hours,
epoch: 1/50, batch: 189/624, lossD_real_avg: 0.6384, lossD_fake_avg: 0.6478, lossG_avg: 16452.4047, lossG_G_avg: 0.2472, lossG_D_avg: 0.9577, lossG_gdl_avg: 16451.1997, eta_epoch: 0.03 hours,
epoch: 1/50, batch: 190/624, lossD_real_avg: 0.6369, lossD_fake_avg: 0.6470, lossG_avg: 16431.9126, lossG_G_avg: 0.2468, lossG_D_avg: 0.9580, lossG_gdl_avg: 16430.7077, eta_epoch: 0.03 hours,
epoch: 1/50, batch: 191/624, lossD_real_avg: 0.6371, lossD_fake_avg: 0.6471, lossG_avg: 16439.9687, lossG_G_avg: 0.2463, lossG_D_avg: 0.9583, lossG_gdl_avg: 16438.7640, eta_epoch: 0.03 hours,
epoch: 1/50, batch: 192/624, lossD_real_avg: 0.6378, lossD_fake_avg: 0.6491, lossG_avg: 16415.4317, lossG_G_avg: 0.2463, lossG_D_avg: 0.9566, lossG_gdl_avg: 16414.2287, eta_epoch: 0.03 hours,
epoch: 1/50, batch: 193/624, lossD_real_avg: 0.6357, lossD_fake_avg: 0.6481, lossG_avg: 16393.5174, lossG_G_avg: 0.2461, lossG_D_avg: 0.9575, lossG_gdl_avg: 16392.3138, eta_epoch: 0.03 hours,
epoch: 1/50, batch: 194/624, lossD_real_avg: 0.6383, lossD_fake_avg: 0.6524, lossG_avg: 16362.8888, lossG_G_avg: 0.2463, lossG_D_avg: 0.9541, lossG_gdl_avg: 16361.6884, eta_epoch: 0.03 hours,
epoch: 1/50, batch: 195/624, lossD_real_avg: 0.6372, lossD_fake_avg: 0.6514, lossG_avg: 16347.7280, lossG_G_avg: 0.2459, lossG_D_avg: 0.9553, lossG_gdl_avg: 16346.5267, eta_epoch: 0.03 hours,
epoch: 1/50, batch: 196/624, lossD_real_avg: 0.6356, lossD_fake_avg: 0.6516, lossG_avg: 16324.5391, lossG_G_avg: 0.2455, lossG_D_avg: 0.9552, lossG_gdl_avg: 16323.3383, eta_epoch: 0.03 hours,
epoch: 1/50, batch: 197/624, lossD_real_avg: 0.6346, lossD_fake_avg: 0.6513, lossG_avg: 16320.4347, lossG_G_avg: 0.2449, lossG_D_avg: 0.9554, lossG_gdl_avg: 16319.2343, eta_epoch: 0.03 hours,
epoch: 1/50, batch: 198/624, lossD_real_avg: 0.6339, lossD_fake_avg: 0.6512, lossG_avg: 16315.7026, lossG_G_avg: 0.2447, lossG_D_avg: 0.9552, lossG_gdl_avg: 16314.5027, eta_epoch: 0.03 hours,
epoch: 1/50, batch: 199/624, lossD_real_avg: 0.6330, lossD_fake_avg: 0.6496, lossG_avg: 16301.4703, lossG_G_avg: 0.2443, lossG_D_avg: 0.9576, lossG_gdl_avg: 16300.2683, eta_epoch: 0.03 hours,
epoch: 1/50, batch: 200/624, lossD_real_avg: 0.6336, lossD_fake_avg: 0.6493, lossG_avg: 16279.8727, lossG_G_avg: 0.2438, lossG_D_avg: 0.9574, lossG_gdl_avg: 16278.6714, eta_epoch: 0.03 hours,
epoch: 1/50, batch: 201/624, lossD_real_avg: 0.6335, lossD_fake_avg: 0.6476, lossG_avg: 16273.7058, lossG_G_avg: 0.2433, lossG_D_avg: 0.9595, lossG_gdl_avg: 16272.5030, eta_epoch: 0.03 hours,
epoch: 1/50, batch: 202/624, lossD_real_avg: 0.6323, lossD_fake_avg: 0.6468, lossG_avg: 16250.5075, lossG_G_avg: 0.2429, lossG_D_avg: 0.9597, lossG_gdl_avg: 16249.3048, eta_epoch: 0.03 hours,
epoch: 1/50, batch: 203/624, lossD_real_avg: 0.6322, lossD_fake_avg: 0.6452, lossG_avg: 16238.9392, lossG_G_avg: 0.2425, lossG_D_avg: 0.9619, lossG_gdl_avg: 16237.7346, eta_epoch: 0.03 hours,
