--------------------------------------------------------------------------------------------------------------------
batch_size: 4
dir_lf: D:\Data\MR2CTsynthesis
dir_project: C:\Users\reasat\Projects\MR2CTsynthesis
folder_data: MRCT_data_2D_256_256_tif
gdlNorm: 2
lambda_AD: 1.0
lambda_gdl: 0.0001
lambda_rec: 1e-05
lr_netD: 0.1
lr_netG: 0.1
max_epochs: 50
numOfChannel_allSource: 1
pretrained: None
rt_th: 0.005
save_epoch: 10
--------------------------------------------------------------------------------------------------------------------
train directory has 2496 samples
validation directory has 312 samples
test directory has 312 samples
training ...
epoch: 1/50, batch: 1/624, lossD_real_avg: 0.6687, lossD_fake_avg: 0.7173, lossG_avg: 11.8929, lossG_G_avg: 6.5706, lossG_D_avg: 1.3569, lossG_gdl_avg: 3.9654, eta_epoch: 0.36 hours,
epoch: 1/50, batch: 2/624, lossD_real_avg: 0.9660, lossD_fake_avg: 0.5201, lossG_avg: 11.3049, lossG_G_avg: 6.6250, lossG_D_avg: 0.8186, lossG_gdl_avg: 3.8614, eta_epoch: 0.20 hours,
epoch: 1/50, batch: 3/624, lossD_real_avg: 0.7307, lossD_fake_avg: 0.8863, lossG_avg: 11.1438, lossG_G_avg: 6.6450, lossG_D_avg: 0.6633, lossG_gdl_avg: 3.8355, eta_epoch: 0.15 hours,
epoch: 1/50, batch: 4/624, lossD_real_avg: 0.6498, lossD_fake_avg: 0.9624, lossG_avg: 11.3348, lossG_G_avg: 6.8639, lossG_D_avg: 0.7069, lossG_gdl_avg: 3.7640, eta_epoch: 0.12 hours,
epoch: 1/50, batch: 5/624, lossD_real_avg: 0.6882, lossD_fake_avg: 0.8871, lossG_avg: 11.3400, lossG_G_avg: 6.7383, lossG_D_avg: 0.8166, lossG_gdl_avg: 3.7850, eta_epoch: 0.11 hours,
epoch: 1/50, batch: 6/624, lossD_real_avg: 0.7920, lossD_fake_avg: 0.7959, lossG_avg: 11.3038, lossG_G_avg: 6.6744, lossG_D_avg: 0.8741, lossG_gdl_avg: 3.7553, eta_epoch: 0.10 hours,
epoch: 1/50, batch: 7/624, lossD_real_avg: 0.8344, lossD_fake_avg: 0.7432, lossG_avg: 11.2565, lossG_G_avg: 6.6852, lossG_D_avg: 0.8658, lossG_gdl_avg: 3.7055, eta_epoch: 0.09 hours,
epoch: 1/50, batch: 8/624, lossD_real_avg: 0.8292, lossD_fake_avg: 0.7281, lossG_avg: 11.2340, lossG_G_avg: 6.6815, lossG_D_avg: 0.8326, lossG_gdl_avg: 3.7199, eta_epoch: 0.09 hours,
epoch: 1/50, batch: 9/624, lossD_real_avg: 0.7969, lossD_fake_avg: 0.7490, lossG_avg: 11.1794, lossG_G_avg: 6.7217, lossG_D_avg: 0.7903, lossG_gdl_avg: 3.6675, eta_epoch: 0.08 hours,
epoch: 1/50, batch: 10/624, lossD_real_avg: 0.7649, lossD_fake_avg: 0.7740, lossG_avg: 11.1166, lossG_G_avg: 6.6854, lossG_D_avg: 0.7634, lossG_gdl_avg: 3.6677, eta_epoch: 0.08 hours,
epoch: 1/50, batch: 11/624, lossD_real_avg: 0.7365, lossD_fake_avg: 0.7962, lossG_avg: 11.1371, lossG_G_avg: 6.6923, lossG_D_avg: 0.7445, lossG_gdl_avg: 3.7002, eta_epoch: 0.07 hours,
epoch: 1/50, batch: 12/624, lossD_real_avg: 0.7199, lossD_fake_avg: 0.8052, lossG_avg: 11.1497, lossG_G_avg: 6.7786, lossG_D_avg: 0.7364, lossG_gdl_avg: 3.6346, eta_epoch: 0.07 hours,
epoch: 1/50, batch: 13/624, lossD_real_avg: 0.7153, lossD_fake_avg: 0.8009, lossG_avg: 11.1162, lossG_G_avg: 6.7530, lossG_D_avg: 0.7384, lossG_gdl_avg: 3.6247, eta_epoch: 0.07 hours,
epoch: 1/50, batch: 14/624, lossD_real_avg: 0.7188, lossD_fake_avg: 0.7876, lossG_avg: 11.1360, lossG_G_avg: 6.7452, lossG_D_avg: 0.7481, lossG_gdl_avg: 3.6427, eta_epoch: 0.07 hours,
epoch: 1/50, batch: 15/624, lossD_real_avg: 0.7295, lossD_fake_avg: 0.7738, lossG_avg: 11.1202, lossG_G_avg: 6.7251, lossG_D_avg: 0.7567, lossG_gdl_avg: 3.6385, eta_epoch: 0.07 hours,
epoch: 1/50, batch: 16/624, lossD_real_avg: 0.7382, lossD_fake_avg: 0.7610, lossG_avg: 11.1038, lossG_G_avg: 6.6948, lossG_D_avg: 0.7625, lossG_gdl_avg: 3.6465, eta_epoch: 0.07 hours,
epoch: 1/50, batch: 17/624, lossD_real_avg: 0.7423, lossD_fake_avg: 0.7503, lossG_avg: 11.0889, lossG_G_avg: 6.7037, lossG_D_avg: 0.7650, lossG_gdl_avg: 3.6202, eta_epoch: 0.06 hours,
epoch: 1/50, batch: 18/624, lossD_real_avg: 0.7444, lossD_fake_avg: 0.7425, lossG_avg: 11.0939, lossG_G_avg: 6.7235, lossG_D_avg: 0.7650, lossG_gdl_avg: 3.6054, eta_epoch: 0.06 hours,
epoch: 1/50, batch: 19/624, lossD_real_avg: 0.7465, lossD_fake_avg: 0.7373, lossG_avg: 11.0309, lossG_G_avg: 6.6842, lossG_D_avg: 0.7641, lossG_gdl_avg: 3.5827, eta_epoch: 0.06 hours,
epoch: 1/50, batch: 20/624, lossD_real_avg: 0.7444, lossD_fake_avg: 0.7335, lossG_avg: 10.9902, lossG_G_avg: 6.6579, lossG_D_avg: 0.7605, lossG_gdl_avg: 3.5718, eta_epoch: 0.06 hours,
epoch: 1/50, batch: 21/624, lossD_real_avg: 0.7400, lossD_fake_avg: 0.7322, lossG_avg: 10.9343, lossG_G_avg: 6.6268, lossG_D_avg: 0.7556, lossG_gdl_avg: 3.5520, eta_epoch: 0.06 hours,
epoch: 1/50, batch: 22/624, lossD_real_avg: 0.7350, lossD_fake_avg: 0.7326, lossG_avg: 10.9087, lossG_G_avg: 6.6315, lossG_D_avg: 0.7512, lossG_gdl_avg: 3.5260, eta_epoch: 0.06 hours,
epoch: 1/50, batch: 23/624, lossD_real_avg: 0.7301, lossD_fake_avg: 0.7334, lossG_avg: 10.8817, lossG_G_avg: 6.6301, lossG_D_avg: 0.7476, lossG_gdl_avg: 3.5040, eta_epoch: 0.06 hours,
epoch: 1/50, batch: 24/624, lossD_real_avg: 0.7271, lossD_fake_avg: 0.7340, lossG_avg: 10.8712, lossG_G_avg: 6.6241, lossG_D_avg: 0.7447, lossG_gdl_avg: 3.5025, eta_epoch: 0.06 hours,
epoch: 1/50, batch: 25/624, lossD_real_avg: 0.7239, lossD_fake_avg: 0.7334, lossG_avg: 10.8298, lossG_G_avg: 6.5914, lossG_D_avg: 0.7435, lossG_gdl_avg: 3.4949, eta_epoch: 0.06 hours,
epoch: 1/50, batch: 26/624, lossD_real_avg: 0.7228, lossD_fake_avg: 0.7305, lossG_avg: 10.7686, lossG_G_avg: 6.5509, lossG_D_avg: 0.7442, lossG_gdl_avg: 3.4736, eta_epoch: 0.06 hours,
epoch: 1/50, batch: 27/624, lossD_real_avg: 0.7228, lossD_fake_avg: 0.7283, lossG_avg: 10.7197, lossG_G_avg: 6.5252, lossG_D_avg: 0.7440, lossG_gdl_avg: 3.4505, eta_epoch: 0.06 hours,
epoch: 1/50, batch: 28/624, lossD_real_avg: 0.7234, lossD_fake_avg: 0.7264, lossG_avg: 10.6811, lossG_G_avg: 6.5126, lossG_D_avg: 0.7436, lossG_gdl_avg: 3.4249, eta_epoch: 0.06 hours,
epoch: 1/50, batch: 29/624, lossD_real_avg: 0.7235, lossD_fake_avg: 0.7235, lossG_avg: 10.6382, lossG_G_avg: 6.4913, lossG_D_avg: 0.7444, lossG_gdl_avg: 3.4024, eta_epoch: 0.06 hours,
epoch: 1/50, batch: 30/624, lossD_real_avg: 0.7236, lossD_fake_avg: 0.7208, lossG_avg: 10.5787, lossG_G_avg: 6.4582, lossG_D_avg: 0.7444, lossG_gdl_avg: 3.3761, eta_epoch: 0.06 hours,
epoch: 1/50, batch: 31/624, lossD_real_avg: 0.7232, lossD_fake_avg: 0.7191, lossG_avg: 10.5089, lossG_G_avg: 6.4158, lossG_D_avg: 0.7445, lossG_gdl_avg: 3.3486, eta_epoch: 0.05 hours,
epoch: 1/50, batch: 32/624, lossD_real_avg: 0.7234, lossD_fake_avg: 0.7175, lossG_avg: 10.4747, lossG_G_avg: 6.4085, lossG_D_avg: 0.7436, lossG_gdl_avg: 3.3226, eta_epoch: 0.05 hours,
epoch: 1/50, batch: 33/624, lossD_real_avg: 0.7222, lossD_fake_avg: 0.7174, lossG_avg: 10.4056, lossG_G_avg: 6.3591, lossG_D_avg: 0.7419, lossG_gdl_avg: 3.3046, eta_epoch: 0.05 hours,
epoch: 1/50, batch: 34/624, lossD_real_avg: 0.7190, lossD_fake_avg: 0.7173, lossG_avg: 10.3546, lossG_G_avg: 6.3339, lossG_D_avg: 0.7401, lossG_gdl_avg: 3.2805, eta_epoch: 0.05 hours,
epoch: 1/50, batch: 35/624, lossD_real_avg: 0.7165, lossD_fake_avg: 0.7190, lossG_avg: 10.2876, lossG_G_avg: 6.2941, lossG_D_avg: 0.7373, lossG_gdl_avg: 3.2562, eta_epoch: 0.05 hours,
epoch: 1/50, batch: 36/624, lossD_real_avg: 0.7124, lossD_fake_avg: 0.7198, lossG_avg: 10.2235, lossG_G_avg: 6.2650, lossG_D_avg: 0.7352, lossG_gdl_avg: 3.2233, eta_epoch: 0.05 hours,
epoch: 1/50, batch: 37/624, lossD_real_avg: 0.7083, lossD_fake_avg: 0.7220, lossG_avg: 10.1481, lossG_G_avg: 6.2140, lossG_D_avg: 0.7325, lossG_gdl_avg: 3.2016, eta_epoch: 0.05 hours,
epoch: 1/50, batch: 38/624, lossD_real_avg: 0.7047, lossD_fake_avg: 0.7254, lossG_avg: 10.0668, lossG_G_avg: 6.1628, lossG_D_avg: 0.7301, lossG_gdl_avg: 3.1739, eta_epoch: 0.05 hours,
epoch: 1/50, batch: 39/624, lossD_real_avg: 0.7036, lossD_fake_avg: 0.7251, lossG_avg: 10.0140, lossG_G_avg: 6.1420, lossG_D_avg: 0.7308, lossG_gdl_avg: 3.1413, eta_epoch: 0.05 hours,
epoch: 1/50, batch: 40/624, lossD_real_avg: 0.7023, lossD_fake_avg: 0.7246, lossG_avg: 9.9568, lossG_G_avg: 6.1118, lossG_D_avg: 0.7315, lossG_gdl_avg: 3.1135, eta_epoch: 0.05 hours,
epoch: 1/50, batch: 41/624, lossD_real_avg: 0.7012, lossD_fake_avg: 0.7218, lossG_avg: 9.8808, lossG_G_avg: 6.0509, lossG_D_avg: 0.7352, lossG_gdl_avg: 3.0947, eta_epoch: 0.05 hours,
epoch: 1/50, batch: 42/624, lossD_real_avg: 0.7031, lossD_fake_avg: 0.7193, lossG_avg: 9.8198, lossG_G_avg: 6.0117, lossG_D_avg: 0.7374, lossG_gdl_avg: 3.0707, eta_epoch: 0.05 hours,
epoch: 1/50, batch: 43/624, lossD_real_avg: 0.7047, lossD_fake_avg: 0.7173, lossG_avg: 9.7571, lossG_G_avg: 5.9605, lossG_D_avg: 0.7380, lossG_gdl_avg: 3.0586, eta_epoch: 0.05 hours,
epoch: 1/50, batch: 44/624, lossD_real_avg: 0.7061, lossD_fake_avg: 0.7145, lossG_avg: 9.6767, lossG_G_avg: 5.9079, lossG_D_avg: 0.7383, lossG_gdl_avg: 3.0305, eta_epoch: 0.05 hours,
epoch: 1/50, batch: 45/624, lossD_real_avg: 0.7052, lossD_fake_avg: 0.7158, lossG_avg: 9.5846, lossG_G_avg: 5.8420, lossG_D_avg: 0.7350, lossG_gdl_avg: 3.0076, eta_epoch: 0.05 hours,
epoch: 1/50, batch: 46/624, lossD_real_avg: 0.7024, lossD_fake_avg: 0.7169, lossG_avg: 9.5000, lossG_G_avg: 5.7866, lossG_D_avg: 0.7325, lossG_gdl_avg: 2.9808, eta_epoch: 0.05 hours,
epoch: 1/50, batch: 47/624, lossD_real_avg: 0.6987, lossD_fake_avg: 0.7176, lossG_avg: 9.4145, lossG_G_avg: 5.7237, lossG_D_avg: 0.7306, lossG_gdl_avg: 2.9601, eta_epoch: 0.05 hours,
epoch: 1/50, batch: 48/624, lossD_real_avg: 0.6958, lossD_fake_avg: 0.7195, lossG_avg: 9.3343, lossG_G_avg: 5.6646, lossG_D_avg: 0.7304, lossG_gdl_avg: 2.9394, eta_epoch: 0.05 hours,
epoch: 1/50, batch: 49/624, lossD_real_avg: 0.6949, lossD_fake_avg: 0.7189, lossG_avg: 9.2502, lossG_G_avg: 5.6031, lossG_D_avg: 0.7326, lossG_gdl_avg: 2.9145, eta_epoch: 0.05 hours,
epoch: 1/50, batch: 50/624, lossD_real_avg: 0.6945, lossD_fake_avg: 0.7186, lossG_avg: 9.1722, lossG_G_avg: 5.5479, lossG_D_avg: 0.7333, lossG_gdl_avg: 2.8910, eta_epoch: 0.05 hours,
epoch: 1/50, batch: 51/624, lossD_real_avg: 0.6971, lossD_fake_avg: 0.7151, lossG_avg: 9.0976, lossG_G_avg: 5.4930, lossG_D_avg: 0.7378, lossG_gdl_avg: 2.8668, eta_epoch: 0.05 hours,
epoch: 1/50, batch: 52/624, lossD_real_avg: 0.6967, lossD_fake_avg: 0.7119, lossG_avg: 9.0147, lossG_G_avg: 5.4242, lossG_D_avg: 0.7415, lossG_gdl_avg: 2.8491, eta_epoch: 0.05 hours,
epoch: 1/50, batch: 53/624, lossD_real_avg: 0.7010, lossD_fake_avg: 0.7091, lossG_avg: 8.9249, lossG_G_avg: 5.3518, lossG_D_avg: 0.7439, lossG_gdl_avg: 2.8292, eta_epoch: 0.05 hours,
epoch: 1/50, batch: 54/624, lossD_real_avg: 0.7020, lossD_fake_avg: 0.7068, lossG_avg: 8.8500, lossG_G_avg: 5.2921, lossG_D_avg: 0.7456, lossG_gdl_avg: 2.8123, eta_epoch: 0.05 hours,
epoch: 1/50, batch: 55/624, lossD_real_avg: 0.7029, lossD_fake_avg: 0.7048, lossG_avg: 8.7734, lossG_G_avg: 5.2370, lossG_D_avg: 0.7454, lossG_gdl_avg: 2.7909, eta_epoch: 0.05 hours,
epoch: 1/50, batch: 56/624, lossD_real_avg: 0.7008, lossD_fake_avg: 0.7060, lossG_avg: 8.6915, lossG_G_avg: 5.1761, lossG_D_avg: 0.7432, lossG_gdl_avg: 2.7721, eta_epoch: 0.05 hours,
epoch: 1/50, batch: 57/624, lossD_real_avg: 0.6975, lossD_fake_avg: 0.7072, lossG_avg: 8.6144, lossG_G_avg: 5.1130, lossG_D_avg: 0.7425, lossG_gdl_avg: 2.7590, eta_epoch: 0.05 hours,
epoch: 1/50, batch: 58/624, lossD_real_avg: 0.6979, lossD_fake_avg: 0.7063, lossG_avg: 8.5287, lossG_G_avg: 5.0476, lossG_D_avg: 0.7422, lossG_gdl_avg: 2.7388, eta_epoch: 0.05 hours,
epoch: 1/50, batch: 59/624, lossD_real_avg: 0.6957, lossD_fake_avg: 0.7056, lossG_avg: 8.4446, lossG_G_avg: 4.9836, lossG_D_avg: 0.7421, lossG_gdl_avg: 2.7189, eta_epoch: 0.05 hours,
epoch: 1/50, batch: 60/624, lossD_real_avg: 0.6916, lossD_fake_avg: 0.7072, lossG_avg: 8.3641, lossG_G_avg: 4.9209, lossG_D_avg: 0.7411, lossG_gdl_avg: 2.7021, eta_epoch: 0.05 hours,
epoch: 1/50, batch: 61/624, lossD_real_avg: 0.6897, lossD_fake_avg: 0.7056, lossG_avg: 8.2814, lossG_G_avg: 4.8574, lossG_D_avg: 0.7433, lossG_gdl_avg: 2.6807, eta_epoch: 0.05 hours,
epoch: 1/50, batch: 62/624, lossD_real_avg: 0.6884, lossD_fake_avg: 0.7055, lossG_avg: 8.2079, lossG_G_avg: 4.7974, lossG_D_avg: 0.7441, lossG_gdl_avg: 2.6664, eta_epoch: 0.05 hours,
epoch: 1/50, batch: 63/624, lossD_real_avg: 0.6877, lossD_fake_avg: 0.7071, lossG_avg: 8.1372, lossG_G_avg: 4.7371, lossG_D_avg: 0.7453, lossG_gdl_avg: 2.6548, eta_epoch: 0.05 hours,
epoch: 1/50, batch: 64/624, lossD_real_avg: 0.6878, lossD_fake_avg: 0.7082, lossG_avg: 8.0600, lossG_G_avg: 4.6781, lossG_D_avg: 0.7445, lossG_gdl_avg: 2.6374, eta_epoch: 0.05 hours,
epoch: 1/50, batch: 65/624, lossD_real_avg: 0.6884, lossD_fake_avg: 0.7038, lossG_avg: 7.9915, lossG_G_avg: 4.6195, lossG_D_avg: 0.7491, lossG_gdl_avg: 2.6229, eta_epoch: 0.05 hours,
epoch: 1/50, batch: 66/624, lossD_real_avg: 0.6881, lossD_fake_avg: 0.7001, lossG_avg: 7.9183, lossG_G_avg: 4.5633, lossG_D_avg: 0.7519, lossG_gdl_avg: 2.6031, eta_epoch: 0.05 hours,
epoch: 1/50, batch: 67/624, lossD_real_avg: 0.6885, lossD_fake_avg: 0.6975, lossG_avg: 7.8521, lossG_G_avg: 4.5095, lossG_D_avg: 0.7525, lossG_gdl_avg: 2.5901, eta_epoch: 0.05 hours,
epoch: 1/50, batch: 68/624, lossD_real_avg: 0.6852, lossD_fake_avg: 0.7000, lossG_avg: 7.7817, lossG_G_avg: 4.4546, lossG_D_avg: 0.7505, lossG_gdl_avg: 2.5765, eta_epoch: 0.05 hours,
epoch: 1/50, batch: 69/624, lossD_real_avg: 0.6816, lossD_fake_avg: 0.7038, lossG_avg: 7.7140, lossG_G_avg: 4.4019, lossG_D_avg: 0.7499, lossG_gdl_avg: 2.5623, eta_epoch: 0.05 hours,
epoch: 1/50, batch: 70/624, lossD_real_avg: 0.6814, lossD_fake_avg: 0.7057, lossG_avg: 7.6526, lossG_G_avg: 4.3545, lossG_D_avg: 0.7499, lossG_gdl_avg: 2.5482, eta_epoch: 0.05 hours,
epoch: 1/50, batch: 71/624, lossD_real_avg: 0.6812, lossD_fake_avg: 0.7034, lossG_avg: 7.5900, lossG_G_avg: 4.3029, lossG_D_avg: 0.7527, lossG_gdl_avg: 2.5343, eta_epoch: 0.05 hours,
epoch: 1/50, batch: 72/624, lossD_real_avg: 0.6804, lossD_fake_avg: 0.7015, lossG_avg: 7.5443, lossG_G_avg: 4.2645, lossG_D_avg: 0.7549, lossG_gdl_avg: 2.5248, eta_epoch: 0.05 hours,
epoch: 1/50, batch: 73/624, lossD_real_avg: 0.6807, lossD_fake_avg: 0.6999, lossG_avg: 7.4906, lossG_G_avg: 4.2195, lossG_D_avg: 0.7567, lossG_gdl_avg: 2.5144, eta_epoch: 0.05 hours,
epoch: 1/50, batch: 74/624, lossD_real_avg: 0.6803, lossD_fake_avg: 0.6983, lossG_avg: 7.4471, lossG_G_avg: 4.1811, lossG_D_avg: 0.7605, lossG_gdl_avg: 2.5055, eta_epoch: 0.05 hours,
epoch: 1/50, batch: 75/624, lossD_real_avg: 0.6829, lossD_fake_avg: 0.6965, lossG_avg: 7.4068, lossG_G_avg: 4.1463, lossG_D_avg: 0.7629, lossG_gdl_avg: 2.4976, eta_epoch: 0.05 hours,
epoch: 1/50, batch: 76/624, lossD_real_avg: 0.6816, lossD_fake_avg: 0.6980, lossG_avg: 7.3526, lossG_G_avg: 4.1027, lossG_D_avg: 0.7627, lossG_gdl_avg: 2.4872, eta_epoch: 0.05 hours,
epoch: 1/50, batch: 77/624, lossD_real_avg: 0.6812, lossD_fake_avg: 0.6989, lossG_avg: 7.3010, lossG_G_avg: 4.0599, lossG_D_avg: 0.7638, lossG_gdl_avg: 2.4773, eta_epoch: 0.05 hours,
epoch: 1/50, batch: 78/624, lossD_real_avg: 0.6800, lossD_fake_avg: 0.7002, lossG_avg: 7.2505, lossG_G_avg: 4.0204, lossG_D_avg: 0.7646, lossG_gdl_avg: 2.4655, eta_epoch: 0.04 hours,
epoch: 1/50, batch: 79/624, lossD_real_avg: 0.6794, lossD_fake_avg: 0.7018, lossG_avg: 7.2069, lossG_G_avg: 3.9876, lossG_D_avg: 0.7646, lossG_gdl_avg: 2.4546, eta_epoch: 0.04 hours,
epoch: 1/50, batch: 80/624, lossD_real_avg: 0.6799, lossD_fake_avg: 0.7009, lossG_avg: 7.1697, lossG_G_avg: 3.9536, lossG_D_avg: 0.7674, lossG_gdl_avg: 2.4487, eta_epoch: 0.04 hours,
epoch: 1/50, batch: 81/624, lossD_real_avg: 0.6825, lossD_fake_avg: 0.6994, lossG_avg: 7.1284, lossG_G_avg: 3.9195, lossG_D_avg: 0.7693, lossG_gdl_avg: 2.4396, eta_epoch: 0.04 hours,
epoch: 1/50, batch: 82/624, lossD_real_avg: 0.6830, lossD_fake_avg: 0.6999, lossG_avg: 7.0820, lossG_G_avg: 3.8835, lossG_D_avg: 0.7683, lossG_gdl_avg: 2.4301, eta_epoch: 0.04 hours,
epoch: 1/50, batch: 83/624, lossD_real_avg: 0.6837, lossD_fake_avg: 0.6979, lossG_avg: 7.0421, lossG_G_avg: 3.8505, lossG_D_avg: 0.7700, lossG_gdl_avg: 2.4216, eta_epoch: 0.04 hours,
epoch: 1/50, batch: 84/624, lossD_real_avg: 0.6846, lossD_fake_avg: 0.6966, lossG_avg: 7.0003, lossG_G_avg: 3.8188, lossG_D_avg: 0.7702, lossG_gdl_avg: 2.4113, eta_epoch: 0.04 hours,
epoch: 1/50, batch: 85/624, lossD_real_avg: 0.6843, lossD_fake_avg: 0.6964, lossG_avg: 6.9613, lossG_G_avg: 3.7907, lossG_D_avg: 0.7695, lossG_gdl_avg: 2.4012, eta_epoch: 0.04 hours,
epoch: 1/50, batch: 86/624, lossD_real_avg: 0.6845, lossD_fake_avg: 0.6957, lossG_avg: 6.9204, lossG_G_avg: 3.7570, lossG_D_avg: 0.7703, lossG_gdl_avg: 2.3931, eta_epoch: 0.04 hours,
epoch: 1/50, batch: 87/624, lossD_real_avg: 0.6851, lossD_fake_avg: 0.6951, lossG_avg: 6.8788, lossG_G_avg: 3.7237, lossG_D_avg: 0.7716, lossG_gdl_avg: 2.3836, eta_epoch: 0.04 hours,
epoch: 1/50, batch: 88/624, lossD_real_avg: 0.6853, lossD_fake_avg: 0.6930, lossG_avg: 6.8381, lossG_G_avg: 3.6911, lossG_D_avg: 0.7734, lossG_gdl_avg: 2.3736, eta_epoch: 0.04 hours,
epoch: 1/50, batch: 89/624, lossD_real_avg: 0.6856, lossD_fake_avg: 0.6947, lossG_avg: 6.8023, lossG_G_avg: 3.6629, lossG_D_avg: 0.7720, lossG_gdl_avg: 2.3673, eta_epoch: 0.04 hours,
epoch: 1/50, batch: 90/624, lossD_real_avg: 0.6846, lossD_fake_avg: 0.6937, lossG_avg: 6.7767, lossG_G_avg: 3.6407, lossG_D_avg: 0.7739, lossG_gdl_avg: 2.3622, eta_epoch: 0.04 hours,
epoch: 1/50, batch: 91/624, lossD_real_avg: 0.6833, lossD_fake_avg: 0.6922, lossG_avg: 6.7525, lossG_G_avg: 3.6212, lossG_D_avg: 0.7761, lossG_gdl_avg: 2.3552, eta_epoch: 0.04 hours,
epoch: 1/50, batch: 92/624, lossD_real_avg: 0.6837, lossD_fake_avg: 0.6922, lossG_avg: 6.7233, lossG_G_avg: 3.5940, lossG_D_avg: 0.7784, lossG_gdl_avg: 2.3508, eta_epoch: 0.04 hours,
epoch: 1/50, batch: 93/624, lossD_real_avg: 0.6841, lossD_fake_avg: 0.6917, lossG_avg: 6.6935, lossG_G_avg: 3.5662, lossG_D_avg: 0.7789, lossG_gdl_avg: 2.3483, eta_epoch: 0.04 hours,
epoch: 1/50, batch: 94/624, lossD_real_avg: 0.6848, lossD_fake_avg: 0.6891, lossG_avg: 6.6615, lossG_G_avg: 3.5399, lossG_D_avg: 0.7817, lossG_gdl_avg: 2.3398, eta_epoch: 0.04 hours,
epoch: 1/50, batch: 95/624, lossD_real_avg: 0.6833, lossD_fake_avg: 0.6914, lossG_avg: 6.6259, lossG_G_avg: 3.5120, lossG_D_avg: 0.7800, lossG_gdl_avg: 2.3340, eta_epoch: 0.04 hours,
epoch: 1/50, batch: 96/624, lossD_real_avg: 0.6815, lossD_fake_avg: 0.6927, lossG_avg: 6.5933, lossG_G_avg: 3.4864, lossG_D_avg: 0.7799, lossG_gdl_avg: 2.3269, eta_epoch: 0.04 hours,
epoch: 1/50, batch: 97/624, lossD_real_avg: 0.6800, lossD_fake_avg: 0.6918, lossG_avg: 6.5636, lossG_G_avg: 3.4606, lossG_D_avg: 0.7809, lossG_gdl_avg: 2.3221, eta_epoch: 0.04 hours,
epoch: 1/50, batch: 98/624, lossD_real_avg: 0.6800, lossD_fake_avg: 0.6910, lossG_avg: 6.5298, lossG_G_avg: 3.4335, lossG_D_avg: 0.7812, lossG_gdl_avg: 2.3151, eta_epoch: 0.04 hours,
