2019-04-29-23-59-03
--------------------------------------------------------------------------------------------------------------------
batchSize: 60
epoch: 100
lr: 0.001
--------------------------------------------------------------------------------------------------------------------
train directory has 42 samples
validation directory has 6 samples
test directory has 6 samples
using pretrained vgg11 as encoder
2028
1552
1309
1703
601
374
1341
1060
259
1856
781
967
1619
521
1458
15
869
1075
443
752
1282
1899
31
306
2404
1787
114
801
2130
1903
909
2331
554
2153
2398
1738
1885
2068
32
446
2443
1472
2433
1195
985
710
1414
2227
664
1220
348
586
1986
1731
799
2005
766
2124
2075
1965
epoch: 1/100, batch: 1/42, loss-train: 22505273344.0000, batch time taken: 2.38s, eta_epoch: 0.03 hours
350
623
25
85
806
1324
2346
160
81
929
1849
1464
302
1919
65
449
1658
1802
220
1248
1799
2027
699
603
1095
1997
1824
1392
1998
1245
245
1574
706
689
149
2226
1562
1107
763
2456
366
455
1916
544
576
1118
2330
1110
397
841
1428
782
485
609
965
599
2337
587
611
243
epoch: 1/100, batch: 2/42, loss-train: 22786360320.0000, batch time taken: 1.09s, eta_epoch: 0.02 hours
320
386
950
2113
273
1213
2429
1751
797
2465
1105
542
1296
2235
1789
1517
1833
241
2205
2315
291
1154
2258
327
606
280
1719
1256
11
294
198
1810
824
2105
1844
1407
595
1379
1781
1359
1881
1072
368
2301
1545
1473
535
803
2460
851
440
874
177
1629
271
727
1187
2406
1292
671
epoch: 1/100, batch: 3/42, loss-train: 22332624896.0000, batch time taken: 1.16s, eta_epoch: 0.02 hours
1081
482
2410
2145
2050
2464
2431
1877
1006
1506
1347
1166
630
887
2174
210
1017
705
894
1610
2486
1502
958
739
1717
2469
224
2077
1854
2239
467
2343
2101
893
1455
925
1169
318
1449
1518
2316
413
2491
2112
466
423
949
1441
1459
184
777
285
1999
1768
222
819
1940
1115
1258
2385
epoch: 1/100, batch: 4/42, loss-train: 26665694208.0000, batch time taken: 1.16s, eta_epoch: 0.02 hours
1669
817
1247
2493
1510
736
71
1055
1917
1823
1499
1821
1568
162
178
1686
206
1756
1243
633
79
1692
495
1019
272
288
1108
946
2164
164
1828
2302
2228
2114
289
1094
182
1627
1480
661
2263
1710
1892
2002
1887
1219
1174
683
465
2245
2217
2494
1276
1238
2110
2007
1747
445
1922
713
epoch: 1/100, batch: 5/42, loss-train: 25739093196.8000, batch time taken: 1.20s, eta_epoch: 0.01 hours
2355
6
827
642
2166
419
1381
566
1897
939
2310
2082
638
1457
2215
253
2402
1540
174
1631
1084
1477
1289
1698
876
1093
1971
9
553
1809
1707
1737
2074
1838
1337
36
753
68
1555
923
1352
2199
1467
1996
502
1097
1181
1246
56
1331
1235
1021
19
2361
1305
2192
2096
809
358
2090
epoch: 1/100, batch: 6/42, loss-train: 25085511338.6667, batch time taken: 1.06s, eta_epoch: 0.01 hours
1598
1670
1834
1569
1541
1624
1526
1872
66
1635
1397
2083
2303
2102
1338
1192
2437
2189
1616
1410
1948
1345
62
249
1253
2003
96
2441
469
382
216
1893
922
2034
1429
785
417
1843
232
1571
1144
2298
314
2399
2214
2160
896
1103
1546
991
981
1913
1811
1792
1775
1565
1096
573
1680
1249
epoch: 1/100, batch: 7/42, loss-train: 24507080118.8571, batch time taken: 1.08s, eta_epoch: 0.01 hours
2107
170
34
1329
2146
2340
1138
511
1357
1800
1463
846
404
2459
1373
1404
2448
507
2308
2151
772
4
1140
2203
190
1
885
1280
1538
213
1076
2262
1402
1760
1212
41
1424
2218
1647
837
2353
735
1204
1778
307
561
728
1533
191
968
780
1950
722
1179
128
992
1668
1078
2224
433
epoch: 1/100, batch: 8/42, loss-train: 24227265792.0000, batch time taken: 1.14s, eta_epoch: 0.01 hours
1592
2442
1125
406
1684
2357
2371
403
2392
829
612
834
1633
614
1390
45
2362
1098
637
711
1519
758
802
1139
1460
2193
1340
1515
2022
2237
427
180
2451
1782
1521
383
2352
172
2152
747
2095
50
1077
1272
1704
1697
1673
1797
1388
2290
2191
584
1620
774
1584
2186
1806
2025
1614
1527
epoch: 1/100, batch: 9/42, loss-train: 24034735445.3333, batch time taken: 1.02s, eta_epoch: 0.01 hours
666
912
1013
1342
1188
2149
1491
1645
1779
695
588
2241
1112
1092
2350
319
487
376
468
2283
2487
332
2225
1875
490
1211
1672
1537
1474
569
815
1909
235
942
447
69
2473
2123
1558
982
473
2115
668
1121
1928
1550
730
187
1936
1234
988
1755
1643
843
868
35
1861
1257
1726
1648
epoch: 1/100, batch: 10/42, loss-train: 23811221708.8000, batch time taken: 1.02s, eta_epoch: 0.01 hours
1746
791
1113
545
2319
1937
312
1070
1444
94
60
1207
1553
1184
1979
821
258
1421
681
2006
1864
1813
75
80
1835
501
2425
1318
1988
764
679
1716
197
1465
2386
2111
1867
1453
372
760
1386
944
1030
830
2312
1638
937
580
1209
2369
1927
1375
279
188
2338
1266
1432
940
1027
548
epoch: 1/100, batch: 11/42, loss-train: 23643219781.8182, batch time taken: 1.06s, eta_epoch: 0.01 hours
556
1420
1044
418
1230
100
1014
2321
2285
1933
299
2247
555
120
1551
1409
1043
1908
1505
57
1894
308
21
2042
974
1826
908
1205
1514
20
2064
1896
617
2306
1525
1469
672
1066
1434
53
173
2136
28
476
906
1288
854
1018
1148
212
1268
1910
1163
2044
73
1045
530
1028
316
2221
epoch: 1/100, batch: 12/42, loss-train: 23467705344.0000, batch time taken: 1.04s, eta_epoch: 0.01 hours
352
70
2445
1419
1953
10
2462
1152
1326
520
1264
1087
38
1490
1722
1431
269
161
138
1721
2426
872
924
1967
2181
1083
1193
1134
2393
1260
738
246
1741
935
678
353
303
694
346
891
457
1461
690
1160
356
2253
2271
2484
1202
1597
1626
2342
1589
2161
1906
776
105
748
2356
1572
epoch: 1/100, batch: 13/42, loss-train: 23356775345.2308, batch time taken: 1.13s, eta_epoch: 0.01 hours
643
2197
1949
800
113
1071
1443
1976
1544
154
1316
1370
621
1744
848
1866
2380
1080
914
1183
152
1701
2275
2073
2010
148
1231
12
1570
1884
1599
2070
1265
559
592
665
2428
2265
1360
1561
1547
768
2438
1807
1137
822
1812
1349
2276
2466
1786
2065
2427
1361
1573
1263
1520
1895
1687
987
epoch: 1/100, batch: 14/42, loss-train: 23355272484.5714, batch time taken: 1.11s, eta_epoch: 0.01 hours
1417
1641
1478
2282
539
1320
1486
660
108
450
1393
2461
1119
1512
91
1655
1554
1147
1024
483
1791
2259
920
2134
901
2216
618
1636
248
2172
673
309
1051
1693
804
684
1650
590
203
2066
1029
540
239
585
5
2052
607
1332
2059
1090
980
472
2370
343
680
301
293
2060
1376
655
epoch: 1/100, batch: 15/42, loss-train: 23297085576.5333, batch time taken: 1.15s, eta_epoch: 0.01 hours
474
1985
1918
1239
1776
761
1369
1355
380
878
2318
639
983
2040
910
2170
331
2014
1907
389
1825
889
1194
528
1959
701
2071
560
1073
201
1433
2300
223
1153
2088
322
33
1769
1587
1644
1049
702
1261
2232
723
1827
979
408
2407
1132
1366
1126
2092
2084
1328
1915
1322
858
2094
880
epoch: 1/100, batch: 16/42, loss-train: 23136870016.0000, batch time taken: 1.20s, eta_epoch: 0.01 hours
1576
2267
334
27
1155
978
1015
976
650
533
897
866
233
945
131
1941
653
1217
2159
938
23
22
13
229
1109
734
2150
1939
2477
333
230
1623
1859
641
1315
390
1582
1878
1745
1042
231
1287
109
943
2327
2213
1820
133
175
135
296
1252
1394
391
1069
196
165
1900
1711
795
epoch: 1/100, batch: 17/42, loss-train: 23061170055.5294, batch time taken: 1.11s, eta_epoch: 0.01 hours
2383
1690
2222
788
2286
1479
195
677
1549
1002
1974
104
1987
2490
984
613
1921
2372
1898
2449
648
186
1640
315
1364
359
1774
421
1975
871
2128
790
1661
813
369
2289
251
783
84
295
1061
2108
270
963
1728
278
2135
2432
110
1869
1012
59
1495
1700
720
1829
132
1135
814
211
epoch: 1/100, batch: 18/42, loss-train: 22958337251.5556, batch time taken: 1.04s, eta_epoch: 0.01 hours
2305
697
442
1902
602
508
918
524
2307
1847
769
659
746
2359
1504
2418
1173
192
717
284
292
1822
1001
2309
498
324
972
1395
512
256
2252
1718
1935
405
2471
18
1600
915
1321
1142
1031
2106
805
2032
1889
771
936
225
517
1198
1418
1330
1053
1795
1283
1040
688
46
221
1765
epoch: 1/100, batch: 19/42, loss-train: 22902113010.5263, batch time taken: 1.12s, eta_epoch: 0.01 hours
1039
88
52
811
600
242
899
1995
330
304
1203
1926
2043
1567
1269
634
531
159
1772
375
622
864
2287
1837
2069
1054
1176
2196
395
459
1224
1487
321
107
1007
1026
2430
493
2480
136
2405
751
964
1216
786
155
1129
838
323
1682
1714
2104
1930
812
1196
426
582
1855
1886
1346
epoch: 1/100, batch: 20/42, loss-train: 22858320281.6000, batch time taken: 1.09s, eta_epoch: 0.01 hours
286
2063
2257
1185
2351
2389
577
1969
1278
156
1618
361
995
1149
571
2017
913
767
1920
67
835
1958
693
151
234
1970
2037
567
765
1165
1883
263
82
2091
37
2335
3
516
2291
24
1400
2155
1167
605
1904
436
500
2001
2360
2207
1236
1534
1585
1832
503
344
2141
97
1536
93
epoch: 1/100, batch: 21/42, loss-train: 22852023052.1905, batch time taken: 1.03s, eta_epoch: 0.01 hours
1794
2024
1240
1632
480
1845
388
2288
522
756
1325
2072
534
1689
55
2195
1617
731
703
505
1310
2401
902
61
1815
2020
583
1839
1038
862
354
969
2178
1583
2048
1237
451
2242
779
410
1972
1057
260
362
217
658
2004
2169
2313
117
218
112
2140
1436
1145
2273
2366
2212
2244
2185
epoch: 1/100, batch: 22/42, loss-train: 22810089565.0909, batch time taken: 1.04s, eta_epoch: 0.01 hours
17
1790
208
2198
2376
2281
2476
2046
999
1133
1492
29
204
565
2320
515
1860
754
1186
1992
1740
171
1294
1335
818
1377
0
